#
# There is insufficient memory for the Java Runtime Environment to continue.
# Native memory allocation (mmap) failed to map 61341696 bytes for committing reserved memory.
# Possible reasons:
#   The system is out of physical RAM or swap space
#   In 32 bit mode, the process size limit was hit
# Possible solutions:
#   Reduce memory load on the system
#   Increase physical memory or swap space
#   Check if swap backing store is full
#   Use 64 bit Java on a 64 bit OS
#   Decrease Java heap size (-Xmx/-Xms)
#   Decrease number of Java threads
#   Decrease Java thread stack sizes (-Xss)
#   Set larger code cache with -XX:ReservedCodeCacheSize=
# This output file may be truncated or incomplete.
#
#  Out of Memory Error (os_linux.cpp:2627), pid=6710, tid=0x00007ff9c277d700
#
# JRE version: Java(TM) SE Runtime Environment (8.0_111-b14) (build 1.8.0_111-b14)
# Java VM: Java HotSpot(TM) 64-Bit Server VM (25.111-b14 mixed mode linux-amd64 compressed oops)
# Failed to write core dump. Core dumps have been disabled. To enable core dumping, try "ulimit -c unlimited" before starting Java again
#

---------------  T H R E A D  ---------------

Current thread (0x00007ff9d8148000):  VMThread [stack: 0x00007ff9c267d000,0x00007ff9c277e000] [id=6721]

Stack: [0x00007ff9c267d000,0x00007ff9c277e000],  sp=0x00007ff9c277c160,  free space=1020k
Native frames: (J=compiled Java code, j=interpreted, Vv=VM code, C=native code)
V  [libjvm.so+0xac5c2a]  VMError::report_and_die()+0x2ba
V  [libjvm.so+0x4fc50b]  report_vm_out_of_memory(char const*, int, unsigned long, VMErrorType, char const*)+0x8b
V  [libjvm.so+0x922ae3]  os::Linux::commit_memory_impl(char*, unsigned long, bool)+0x103
V  [libjvm.so+0x923039]  os::pd_commit_memory(char*, unsigned long, unsigned long, bool)+0x29
V  [libjvm.so+0x91d33a]  os::commit_memory(char*, unsigned long, unsigned long, bool)+0x2a
V  [libjvm.so+0x991ac3]  PSVirtualSpace::expand_by(unsigned long)+0x53
V  [libjvm.so+0x992ec8]  PSYoungGen::resize_generation(unsigned long, unsigned long)+0xf8
V  [libjvm.so+0x992022]  PSYoungGen::resize(unsigned long, unsigned long)+0x22
V  [libjvm.so+0x98f2fb]  PSScavenge::invoke_no_policy()+0xf3b
V  [libjvm.so+0x98a5a5]  PSParallelCompact::invoke(bool)+0x85
V  [libjvm.so+0x482fb4]  CollectedHeap::collect_as_vm_thread(GCCause::Cause)+0x114
V  [libjvm.so+0xac70a1]  VM_CollectForMetadataAllocation::doit()+0x161
V  [libjvm.so+0xacf125]  VM_Operation::evaluate()+0x55
V  [libjvm.so+0xacd4fa]  VMThread::evaluate_operation(VM_Operation*)+0xba
V  [libjvm.so+0xacd87e]  VMThread::loop()+0x1ce
V  [libjvm.so+0xacdcf0]  VMThread::run()+0x70
V  [libjvm.so+0x924ea8]  java_start(Thread*)+0x108

VM_Operation (0x00007ff9ddf74b40): CollectForMetadataAllocation, mode: safepoint, requested by thread 0x00007ff9d8012800


---------------  P R O C E S S  ---------------

Java Threads: ( => current thread )
  0x00007ff9d9837000 JavaThread "org.apache.hadoop.fs.FileSystem$Statistics$StatisticsDataReferenceCleaner" daemon [_thread_blocked, id=6785, stack(0x00007ff9b82b5000,0x00007ff9b83b6000)]
  0x00007ff9d9b59000 JavaThread "spark-listener-group-streams" daemon [_thread_blocked, id=6784, stack(0x00007ff9b83b6000,0x00007ff9b84b7000)]
  0x00007ff9d9787800 JavaThread "spark-listener-group-shared" daemon [_thread_blocked, id=6782, stack(0x00007ff9b96d0000,0x00007ff9b97d1000)]
  0x00007ff968055800 JavaThread "element-tracking-store-worker" daemon [_thread_blocked, id=6781, stack(0x00007ff9b97d1000,0x00007ff9b98d2000)]
  0x00007ff9d96b6000 JavaThread "spark-listener-group-executorManagement" daemon [_thread_blocked, id=6780, stack(0x00007ff9b98d2000,0x00007ff9b99d3000)]
  0x00007ff9d96ac800 JavaThread "spark-listener-group-appStatus" daemon [_thread_blocked, id=6779, stack(0x00007ff9b99d3000,0x00007ff9b9ad4000)]
  0x00007ff9d969e800 JavaThread "context-cleaner-periodic-gc" daemon [_thread_blocked, id=6778, stack(0x00007ff9b9ad4000,0x00007ff9b9bd5000)]
  0x00007ff9d969c800 JavaThread "Spark Context Cleaner" daemon [_thread_blocked, id=6777, stack(0x00007ff9b9bd5000,0x00007ff9b9cd6000)]
  0x00007ff9d94f6800 JavaThread "shuffle-server-5-1" daemon [_thread_in_native, id=6776, stack(0x00007ff9b9ed6000,0x00007ff9b9fd7000)]
  0x00007ff9d94f2800 JavaThread "driver-heartbeater" daemon [_thread_blocked, id=6775, stack(0x00007ff9b9fd7000,0x00007ff9ba0d8000)]
  0x00007ff9d94d6000 JavaThread "dag-scheduler-event-loop" daemon [_thread_blocked, id=6774, stack(0x00007ff9ba0d8000,0x00007ff9ba1d9000)]
  0x00007ff94800a800 JavaThread "netty-rpc-env-timeout" daemon [_thread_blocked, id=6773, stack(0x00007ff9ba1d9000,0x00007ff9ba2da000)]
  0x00007ff9d94ab000 JavaThread "Timer-0" daemon [_thread_blocked, id=6772, stack(0x00007ff9ba2da000,0x00007ff9ba3db000)]
  0x00007ff974002000 JavaThread "heartbeat-receiver-event-loop-thread" daemon [_thread_blocked, id=6771, stack(0x00007ff9ba3db000,0x00007ff9ba4dc000)]
  0x00007ff9d945a800 JavaThread "SparkUI-34" daemon [_thread_blocked, id=6770, stack(0x00007ff9ba6dc000,0x00007ff9ba7dd000)]
  0x00007ff9d9458800 JavaThread "SparkUI-33" daemon [_thread_blocked, id=6769, stack(0x00007ff9ba7dd000,0x00007ff9ba8de000)]
  0x00007ff9d9456800 JavaThread "SparkUI-32" daemon [_thread_blocked, id=6768, stack(0x00007ff9ba8de000,0x00007ff9ba9df000)]
  0x00007ff9d9455000 JavaThread "SparkUI-31" daemon [_thread_blocked, id=6767, stack(0x00007ff9ba9df000,0x00007ff9baae0000)]
  0x00007ff9d9453000 JavaThread "SparkUI-30" daemon [_thread_blocked, id=6766, stack(0x00007ff9baae0000,0x00007ff9babe1000)]
  0x00007ff9d9451800 JavaThread "SparkUI-29-acceptor-0@678fc038-Spark@694822b9{HTTP/1.1,[http/1.1]}{0.0.0.0:4040}" daemon [_thread_in_native, id=6765, stack(0x00007ff9babe1000,0x00007ff9bace2000)]
  0x00007ff9d944f800 JavaThread "SparkUI-28" daemon [_thread_in_native, id=6764, stack(0x00007ff9bace2000,0x00007ff9bade3000)]
  0x00007ff9d9448000 JavaThread "SparkUI-27" daemon [_thread_in_native, id=6763, stack(0x00007ff9bade3000,0x00007ff9baee4000)]
  0x00007ff9d93d4000 JavaThread "RemoteBlock-temp-file-clean-thread" daemon [_thread_blocked, id=6761, stack(0x00007ff9bb0e4000,0x00007ff9bb1e5000)]
  0x00007ff9d9393800 JavaThread "map-output-dispatcher-7" daemon [_thread_blocked, id=6760, stack(0x00007ff9bb1e5000,0x00007ff9bb2e6000)]
  0x00007ff9d9392000 JavaThread "map-output-dispatcher-6" daemon [_thread_blocked, id=6759, stack(0x00007ff9bb2e6000,0x00007ff9bb3e7000)]
  0x00007ff9d9390000 JavaThread "map-output-dispatcher-5" daemon [_thread_blocked, id=6758, stack(0x00007ff9bb3e7000,0x00007ff9bb4e8000)]
  0x00007ff9d938e000 JavaThread "map-output-dispatcher-4" daemon [_thread_blocked, id=6757, stack(0x00007ff9bb4e8000,0x00007ff9bb5e9000)]
  0x00007ff9d938c800 JavaThread "map-output-dispatcher-3" daemon [_thread_blocked, id=6756, stack(0x00007ff9bb5e9000,0x00007ff9bb6ea000)]
  0x00007ff9d9385800 JavaThread "map-output-dispatcher-2" daemon [_thread_blocked, id=6755, stack(0x00007ff9bb6ea000,0x00007ff9bb7eb000)]
  0x00007ff9d9384800 JavaThread "map-output-dispatcher-1" daemon [_thread_blocked, id=6754, stack(0x00007ff9bb7eb000,0x00007ff9bb8ec000)]
  0x00007ff9d9388800 JavaThread "map-output-dispatcher-0" daemon [_thread_blocked, id=6753, stack(0x00007ff9bb8ec000,0x00007ff9bb9ed000)]
  0x00007ff9d9361000 JavaThread "rpc-server-3-1" daemon [_thread_blocked, id=6752, stack(0x00007ff9bb9ed000,0x00007ff9bbaee000)]
  0x00007ff9d9236800 JavaThread "dispatcher-event-loop-1" daemon [_thread_blocked, id=6751, stack(0x00007ff9bbeff000,0x00007ff9bc000000)]
  0x00007ff9d9233000 JavaThread "dispatcher-event-loop-0" daemon [_thread_blocked, id=6750, stack(0x00007ff9c0464000,0x00007ff9c0565000)]
  0x00007ff9d9183800 JavaThread "process reaper" daemon [_thread_blocked, id=6748, stack(0x00007ff9c0565000,0x00007ff9c059e000)]
  0x00007ff9d8c91800 JavaThread "Service Thread" daemon [_thread_blocked, id=6738, stack(0x00007ff9c0eab000,0x00007ff9c0fac000)]
  0x00007ff9d8c86800 JavaThread "C1 CompilerThread2" daemon [_thread_blocked, id=6737, stack(0x00007ff9c11c3000,0x00007ff9c12c4000)]
  0x00007ff9d8c84800 JavaThread "C2 CompilerThread1" daemon [_thread_blocked, id=6736, stack(0x00007ff9c12c4000,0x00007ff9c13c5000)]
  0x00007ff9d8c82800 JavaThread "C2 CompilerThread0" daemon [_thread_blocked, id=6735, stack(0x00007ff9c13c5000,0x00007ff9c14c6000)]
  0x00007ff9d8c70000 JavaThread "Monitor Ctrl-Break" daemon [_thread_in_native, id=6734, stack(0x00007ff9c14c6000,0x00007ff9c15c7000)]
  0x00007ff9d8187000 JavaThread "Signal Dispatcher" daemon [_thread_blocked, id=6733, stack(0x00007ff9c237a000,0x00007ff9c247b000)]
  0x00007ff9d8154000 JavaThread "Finalizer" daemon [_thread_blocked, id=6726, stack(0x00007ff9c247b000,0x00007ff9c257c000)]
  0x00007ff9d814f800 JavaThread "Reference Handler" daemon [_thread_blocked, id=6724, stack(0x00007ff9c257c000,0x00007ff9c267d000)]
  0x00007ff9d8012800 JavaThread "main" [_thread_blocked, id=6711, stack(0x00007ff9dde79000,0x00007ff9ddf7a000)]

Other Threads:
=>0x00007ff9d8148000 VMThread [stack: 0x00007ff9c267d000,0x00007ff9c277e000] [id=6721]
  0x00007ff9d8c95000 WatcherThread [stack: 0x00007ff9c0daa000,0x00007ff9c0eab000] [id=6739]

VM state:at safepoint (normal execution)

VM Mutex/Monitor currently owned by a thread:  ([mutex/lock_event])
[0x00007ff9d800a460] Threads_lock - owner thread: 0x00007ff9d8148000
[0x00007ff9d800a960] Heap_lock - owner thread: 0x00007ff9d8012800

Heap:
 PSYoungGen      total 153600K, used 9098K [0x00000000f1000000, 0x00000000fb380000, 0x0000000100000000)
  eden space 140800K, 0% used [0x00000000f1000000,0x00000000f1000000,0x00000000f9980000)
  from space 12800K, 71% used [0x00000000f9980000,0x00000000fa262bb0,0x00000000fa600000)
  to   space 13312K, 0% used [0x00000000fa600000,0x00000000fa600000,0x00000000fb300000)
 ParOldGen       total 41984K, used 25756K [0x00000000d3000000, 0x00000000d5900000, 0x00000000f1000000)
  object space 41984K, 61% used [0x00000000d3000000,0x00000000d4927040,0x00000000d5900000)
 Metaspace       used 58432K, capacity 58720K, committed 59160K, reserved 1099776K
  class space    used 8720K, capacity 8835K, committed 8880K, reserved 1048576K

Card table byte_map: [0x00007ff9dced2000,0x00007ff9dd03b000] byte_map_base: 0x00007ff9dc83a000

Marking Bits: (ParMarkBitMap*) 0x00007ff9def3d220
 Begin Bits: [0x00007ff9c2980000, 0x00007ff9c34c0000)
 End Bits:   [0x00007ff9c34c0000, 0x00007ff9c4000000)

Polling page: 0x00007ff9df194000

CodeCache: size=245760Kb used=10138Kb max_used=10378Kb free=235622Kb
 bounds [0x00007ff9c9000000, 0x00007ff9c9a60000, 0x00007ff9d8000000]
 total_blobs=4109 nmethods=3550 adapters=470
 compilation: enabled

Compilation events (10 events):
Event: 8.584 Thread 0x00007ff9d8c86800 4045       3       org.codehaus.janino.IClass::getSuperclass (80 bytes)
Event: 8.585 Thread 0x00007ff9d8c86800 nmethod 4045 0x00007ff9c92db590 code [0x00007ff9c92db800, 0x00007ff9c92dc818]
Event: 8.591 Thread 0x00007ff9d8c86800 4046       3       java.util.concurrent.locks.AbstractQueuedSynchronizer::releaseShared (16 bytes)
Event: 8.592 Thread 0x00007ff9d8c86800 nmethod 4046 0x00007ff9c92db0d0 code [0x00007ff9c92db260, 0x00007ff9c92db4f8]
Event: 8.592 Thread 0x00007ff9d8c86800 4047       3       java.util.concurrent.locks.AbstractQueuedSynchronizer::doReleaseShared (79 bytes)
Event: 8.592 Thread 0x00007ff9d8c86800 nmethod 4047 0x00007ff9c9631ed0 code [0x00007ff9c9632080, 0x00007ff9c9632648]
Event: 8.592 Thread 0x00007ff9d8c86800 4048       3       java.util.concurrent.locks.AbstractQueuedSynchronizer::acquireShared (14 bytes)
Event: 8.592 Thread 0x00007ff9d8c86800 nmethod 4048 0x00007ff9c967f690 code [0x00007ff9c967f800, 0x00007ff9c967fa98]
Event: 8.592 Thread 0x00007ff9d8c86800 4049       1       scala.collection.mutable.ArrayBuilder$ofInt::size (5 bytes)
Event: 8.592 Thread 0x00007ff9d8c86800 nmethod 4049 0x00007ff9c9631b50 code [0x00007ff9c9631ca0, 0x00007ff9c9631db0]

GC Heap History (10 events):
Event: 4.809 GC heap after
Heap after GC invocations=10 (full 1):
 PSYoungGen      total 101888K, used 6639K [0x00000000f1000000, 0x00000000f8400000, 0x0000000100000000)
  eden space 95232K, 0% used [0x00000000f1000000,0x00000000f1000000,0x00000000f6d00000)
  from space 6656K, 99% used [0x00000000f6d00000,0x00000000f737bd90,0x00000000f7380000)
  to   space 9216K, 0% used [0x00000000f7b00000,0x00000000f7b00000,0x00000000f8400000)
 ParOldGen       total 30208K, used 13856K [0x00000000d3000000, 0x00000000d4d80000, 0x00000000f1000000)
  object space 30208K, 45% used [0x00000000d3000000,0x00000000d3d882c8,0x00000000d4d80000)
 Metaspace       used 30750K, capacity 30992K, committed 31408K, reserved 1077248K
  class space    used 4413K, capacity 4500K, committed 4528K, reserved 1048576K
}
Event: 5.278 GC heap before
{Heap before GC invocations=11 (full 1):
 PSYoungGen      total 101888K, used 47249K [0x00000000f1000000, 0x00000000f8400000, 0x0000000100000000)
  eden space 95232K, 42% used [0x00000000f1000000,0x00000000f37a8738,0x00000000f6d00000)
  from space 6656K, 99% used [0x00000000f6d00000,0x00000000f737bd90,0x00000000f7380000)
  to   space 9216K, 0% used [0x00000000f7b00000,0x00000000f7b00000,0x00000000f8400000)
 ParOldGen       total 30208K, used 13856K [0x00000000d3000000, 0x00000000d4d80000, 0x00000000f1000000)
  object space 30208K, 45% used [0x00000000d3000000,0x00000000d3d882c8,0x00000000d4d80000)
 Metaspace       used 34787K, capacity 34978K, committed 35496K, reserved 1079296K
  class space    used 4964K, capacity 5015K, committed 5040K, reserved 1048576K
Event: 5.319 GC heap after
Heap after GC invocations=11 (full 1):
 PSYoungGen      total 108544K, used 9124K [0x00000000f1000000, 0x00000000fa900000, 0x0000000100000000)
  eden space 99328K, 0% used [0x00000000f1000000,0x00000000f1000000,0x00000000f7100000)
  from space 9216K, 99% used [0x00000000f7b00000,0x00000000f83e9098,0x00000000f8400000)
  to   space 10240K, 0% used [0x00000000f7100000,0x00000000f7100000,0x00000000f7b00000)
 ParOldGen       total 30208K, used 15460K [0x00000000d3000000, 0x00000000d4d80000, 0x00000000f1000000)
  object space 30208K, 51% used [0x00000000d3000000,0x00000000d3f190b0,0x00000000d4d80000)
 Metaspace       used 34787K, capacity 34978K, committed 35496K, reserved 1079296K
  class space    used 4964K, capacity 5015K, committed 5040K, reserved 1048576K
}
Event: 5.319 GC heap before
{Heap before GC invocations=12 (full 2):
 PSYoungGen      total 108544K, used 9124K [0x00000000f1000000, 0x00000000fa900000, 0x0000000100000000)
  eden space 99328K, 0% used [0x00000000f1000000,0x00000000f1000000,0x00000000f7100000)
  from space 9216K, 99% used [0x00000000f7b00000,0x00000000f83e9098,0x00000000f8400000)
  to   space 10240K, 0% used [0x00000000f7100000,0x00000000f7100000,0x00000000f7b00000)
 ParOldGen       total 30208K, used 15460K [0x00000000d3000000, 0x00000000d4d80000, 0x00000000f1000000)
  object space 30208K, 51% used [0x00000000d3000000,0x00000000d3f190b0,0x00000000d4d80000)
 Metaspace       used 34787K, capacity 34978K, committed 35496K, reserved 1079296K
  class space    used 4964K, capacity 5015K, committed 5040K, reserved 1048576K
Event: 5.358 GC heap after
Heap after GC invocations=12 (full 2):
 PSYoungGen      total 108544K, used 0K [0x00000000f1000000, 0x00000000fa900000, 0x0000000100000000)
  eden space 99328K, 0% used [0x00000000f1000000,0x00000000f1000000,0x00000000f7100000)
  from space 9216K, 0% used [0x00000000f7b00000,0x00000000f7b00000,0x00000000f8400000)
  to   space 10240K, 0% used [0x00000000f7100000,0x00000000f7100000,0x00000000f7b00000)
 ParOldGen       total 41984K, used 14538K [0x00000000d3000000, 0x00000000d5900000, 0x00000000f1000000)
  object space 41984K, 34% used [0x00000000d3000000,0x00000000d3e32890,0x00000000d5900000)
 Metaspace       used 34787K, capacity 34978K, committed 35496K, reserved 1079296K
  class space    used 4964K, capacity 5015K, committed 5040K, reserved 1048576K
}
Event: 6.775 GC heap before
{Heap before GC invocations=13 (full 2):
 PSYoungGen      total 108544K, used 99328K [0x00000000f1000000, 0x00000000fa900000, 0x0000000100000000)
  eden space 99328K, 100% used [0x00000000f1000000,0x00000000f7100000,0x00000000f7100000)
  from space 9216K, 0% used [0x00000000f7b00000,0x00000000f7b00000,0x00000000f8400000)
  to   space 10240K, 0% used [0x00000000f7100000,0x00000000f7100000,0x00000000f7b00000)
 ParOldGen       total 41984K, used 14538K [0x00000000d3000000, 0x00000000d5900000, 0x00000000f1000000)
  object space 41984K, 34% used [0x00000000d3000000,0x00000000d3e32890,0x00000000d5900000)
 Metaspace       used 45192K, capacity 45544K, committed 45864K, reserved 1089536K
  class space    used 6599K, capacity 6686K, committed 6704K, reserved 1048576K
Event: 6.787 GC heap after
Heap after GC invocations=13 (full 2):
 PSYoungGen      total 109568K, used 10223K [0x00000000f1000000, 0x00000000fb300000, 0x0000000100000000)
  eden space 99328K, 0% used [0x00000000f1000000,0x00000000f1000000,0x00000000f7100000)
  from space 10240K, 99% used [0x00000000f7100000,0x00000000f7afbee0,0x00000000f7b00000)
  to   space 13312K, 0% used [0x00000000fa600000,0x00000000fa600000,0x00000000fb300000)
 ParOldGen       total 41984K, used 18447K [0x00000000d3000000, 0x00000000d5900000, 0x00000000f1000000)
  object space 41984K, 43% used [0x00000000d3000000,0x00000000d4203ed0,0x00000000d5900000)
 Metaspace       used 45192K, capacity 45544K, committed 45864K, reserved 1089536K
  class space    used 6599K, capacity 6686K, committed 6704K, reserved 1048576K
}
Event: 7.416 GC heap before
{Heap before GC invocations=14 (full 2):
 PSYoungGen      total 109568K, used 109551K [0x00000000f1000000, 0x00000000fb300000, 0x0000000100000000)
  eden space 99328K, 100% used [0x00000000f1000000,0x00000000f7100000,0x00000000f7100000)
  from space 10240K, 99% used [0x00000000f7100000,0x00000000f7afbee0,0x00000000f7b00000)
  to   space 13312K, 0% used [0x00000000fa600000,0x00000000fa600000,0x00000000fb300000)
 ParOldGen       total 41984K, used 18447K [0x00000000d3000000, 0x00000000d5900000, 0x00000000f1000000)
  object space 41984K, 43% used [0x00000000d3000000,0x00000000d4203ed0,0x00000000d5900000)
 Metaspace       used 50400K, capacity 50772K, committed 51240K, reserved 1093632K
  class space    used 7512K, capacity 7616K, committed 7728K, reserved 1048576K
Event: 7.455 GC heap after
Heap after GC invocations=14 (full 2):
 PSYoungGen      total 154112K, used 7684K [0x00000000f1000000, 0x00000000fb380000, 0x0000000100000000)
  eden space 140800K, 0% used [0x00000000f1000000,0x00000000f1000000,0x00000000f9980000)
  from space 13312K, 57% used [0x00000000fa600000,0x00000000fad81030,0x00000000fb300000)
  to   space 12800K, 0% used [0x00000000f9980000,0x00000000f9980000,0x00000000fa600000)
 ParOldGen       total 41984K, used 24050K [0x00000000d3000000, 0x00000000d5900000, 0x00000000f1000000)
  object space 41984K, 57% used [0x00000000d3000000,0x00000000d477c948,0x00000000d5900000)
 Metaspace       used 50400K, capacity 50772K, committed 51240K, reserved 1093632K
  class space    used 7512K, capacity 7616K, committed 7728K, reserved 1048576K
}
Event: 8.618 GC heap before
{Heap before GC invocations=15 (full 2):
 PSYoungGen      total 154112K, used 137295K [0x00000000f1000000, 0x00000000fb380000, 0x0000000100000000)
  eden space 140800K, 92% used [0x00000000f1000000,0x00000000f8e92e80,0x00000000f9980000)
  from space 13312K, 57% used [0x00000000fa600000,0x00000000fad81030,0x00000000fb300000)
  to   space 12800K, 0% used [0x00000000f9980000,0x00000000f9980000,0x00000000fa600000)
 ParOldGen       total 41984K, used 24050K [0x00000000d3000000, 0x00000000d5900000, 0x00000000f1000000)
  object space 41984K, 57% used [0x00000000d3000000,0x00000000d477c948,0x00000000d5900000)
 Metaspace       used 58432K, capacity 58720K, committed 59160K, reserved 1099776K
  class space    used 8720K, capacity 8835K, committed 8880K, reserved 1048576K

Deoptimization events (10 events):
Event: 8.583 Thread 0x00007ff9d8012800 Uncommon trap: reason=unstable_if action=reinterpret pc=0x00007ff9c95515e4 method=java.util.HashMap.hash(Ljava/lang/Object;)I @ 1
Event: 8.588 Thread 0x00007ff9d8012800 Uncommon trap: reason=class_check action=maybe_recompile pc=0x00007ff9c914b494 method=scala.collection.convert.Wrappers$JMapWrapperLike$$anon$2.hasNext()Z @ 4
Event: 8.588 Thread 0x00007ff9d8012800 Uncommon trap: reason=class_check action=maybe_recompile pc=0x00007ff9c91e15e0 method=scala.collection.convert.Wrappers$JMapWrapperLike$$anon$2.next()Lscala/Tuple2; @ 4
Event: 8.591 Thread 0x00007ff9d8012800 Uncommon trap: reason=class_check action=maybe_recompile pc=0x00007ff9c955a240 method=scala.collection.mutable.ArrayBuffer.$plus$plus$eq(Lscala/collection/TraversableOnce;)Lscala/collection/mutable/ArrayBuffer; @ 8
Event: 8.591 Thread 0x00007ff9d8012800 Uncommon trap: reason=class_check action=maybe_recompile pc=0x00007ff9c955a240 method=scala.collection.mutable.ArrayBuffer.$plus$plus$eq(Lscala/collection/TraversableOnce;)Lscala/collection/mutable/ArrayBuffer; @ 8
Event: 8.591 Thread 0x00007ff9d8012800 Uncommon trap: reason=class_check action=maybe_recompile pc=0x00007ff9c955a240 method=scala.collection.mutable.ArrayBuffer.$plus$plus$eq(Lscala/collection/TraversableOnce;)Lscala/collection/mutable/ArrayBuffer; @ 8
Event: 8.592 Thread 0x00007ff9d8012800 Uncommon trap: reason=class_check action=maybe_recompile pc=0x00007ff9c955a240 method=scala.collection.mutable.ArrayBuffer.$plus$plus$eq(Lscala/collection/TraversableOnce;)Lscala/collection/mutable/ArrayBuffer; @ 8
Event: 8.592 Thread 0x00007ff9d8012800 Uncommon trap: reason=class_check action=maybe_recompile pc=0x00007ff9c914b494 method=scala.collection.convert.Wrappers$JMapWrapperLike$$anon$2.hasNext()Z @ 4
Event: 8.592 Thread 0x00007ff9d8012800 Uncommon trap: reason=class_check action=maybe_recompile pc=0x00007ff9c91e15e0 method=scala.collection.convert.Wrappers$JMapWrapperLike$$anon$2.next()Lscala/Tuple2; @ 4
Event: 8.592 Thread 0x00007ff9d8012800 Uncommon trap: reason=class_check action=maybe_recompile pc=0x00007ff9c914b494 method=scala.collection.convert.Wrappers$JMapWrapperLike$$anon$2.hasNext()Z @ 4

Internal exceptions (10 events):
Event: 6.454 Thread 0x00007ff9d8012800 Exception <a 'java/lang/NoSuchMethodError': <clinit>> (0x00000000f59d4cb0) thrown at [/HUDSON3/workspace/8-2-build-linux-amd64/jdk8u111/7883/hotspot/src/share/vm/prims/jni.cpp, line 1613]
Event: 6.456 Thread 0x00007ff9d8012800 Exception <a 'java/lang/NoSuchMethodError': <clinit>> (0x00000000f59f2a70) thrown at [/HUDSON3/workspace/8-2-build-linux-amd64/jdk8u111/7883/hotspot/src/share/vm/prims/jni.cpp, line 1613]
Event: 6.459 Thread 0x00007ff9d8012800 Exception <a 'java/lang/NoSuchMethodError': <clinit>> (0x00000000f5a0d050) thrown at [/HUDSON3/workspace/8-2-build-linux-amd64/jdk8u111/7883/hotspot/src/share/vm/prims/jni.cpp, line 1613]
Event: 6.460 Thread 0x00007ff9d8012800 Exception <a 'java/lang/NoSuchMethodError': <clinit>> (0x00000000f5a269d0) thrown at [/HUDSON3/workspace/8-2-build-linux-amd64/jdk8u111/7883/hotspot/src/share/vm/prims/jni.cpp, line 1613]
Event: 6.462 Thread 0x00007ff9d8012800 Exception <a 'java/lang/NoSuchMethodError': <clinit>> (0x00000000f5a3f150) thrown at [/HUDSON3/workspace/8-2-build-linux-amd64/jdk8u111/7883/hotspot/src/share/vm/prims/jni.cpp, line 1613]
Event: 6.466 Thread 0x00007ff9d8012800 Exception <a 'java/lang/NoSuchMethodError': <clinit>> (0x00000000f5aa5200) thrown at [/HUDSON3/workspace/8-2-build-linux-amd64/jdk8u111/7883/hotspot/src/share/vm/prims/jni.cpp, line 1613]
Event: 6.468 Thread 0x00007ff9d8012800 Exception <a 'java/lang/NoSuchMethodError': <clinit>> (0x00000000f5ac0088) thrown at [/HUDSON3/workspace/8-2-build-linux-amd64/jdk8u111/7883/hotspot/src/share/vm/prims/jni.cpp, line 1613]
Event: 6.470 Thread 0x00007ff9d8012800 Exception <a 'java/lang/NoSuchMethodError': <clinit>> (0x00000000f5adc330) thrown at [/HUDSON3/workspace/8-2-build-linux-amd64/jdk8u111/7883/hotspot/src/share/vm/prims/jni.cpp, line 1613]
Event: 6.473 Thread 0x00007ff9d8012800 Exception <a 'java/lang/NoSuchMethodError': <clinit>> (0x00000000f5af40c0) thrown at [/HUDSON3/workspace/8-2-build-linux-amd64/jdk8u111/7883/hotspot/src/share/vm/prims/jni.cpp, line 1613]
Event: 8.583 Thread 0x00007ff9d8012800 Implicit null exception at 0x00007ff9c9551383 to 0x00007ff9c95515c1

Events (10 events):
Event: 8.608 loading class org/apache/spark/sql/execution/SparkPlan$$anonfun$prepareSubqueries$1$$anonfun$apply$1 done
Event: 8.610 loading class org/apache/spark/sql/execution/SparkPlan$$anonfun$waitForSubqueries$1
Event: 8.610 loading class org/apache/spark/sql/execution/SparkPlan$$anonfun$waitForSubqueries$1 done
Event: 8.611 loading class org/apache/spark/sql/execution/CodegenSupport$$anonfun$produce$1
Event: 8.611 loading class org/apache/spark/sql/execution/CodegenSupport$$anonfun$produce$1 done
Event: 8.612 loading class org/apache/spark/sql/execution/aggregate/HashAggregateExec
Event: 8.612 loading class org/apache/spark/sql/execution/aggregate/HashAggregateExec done
Event: 8.616 loading class org/apache/spark/sql/execution/DataSourceScanExec
Event: 8.616 loading class org/apache/spark/sql/execution/DataSourceScanExec done
Event: 8.618 Executing VM operation: CollectForMetadataAllocation


Dynamic libraries:
00400000-00401000 r-xp 00000000 08:02 292224                             /usr/local/java/jdk1.8.0_111/bin/java
00600000-00601000 rw-p 00000000 08:02 292224                             /usr/local/java/jdk1.8.0_111/bin/java
00ccc000-00ced000 rw-p 00000000 00:00 0                                  [heap]
d3000000-d5900000 rw-p 00000000 00:00 0 
d5900000-f1000000 ---p 00000000 00:00 0 
f1000000-fb380000 rw-p 00000000 00:00 0 
fee00000-100000000 ---p 00000000 00:00 0 
100000000-1008ac000 rw-p 00000000 00:00 0 
1008ac000-140000000 ---p 00000000 00:00 0 
324c200000-324c220000 r-xp 00000000 08:02 265231                         /lib64/ld-2.12.so
324c420000-324c421000 r--p 00020000 08:02 265231                         /lib64/ld-2.12.so
324c421000-324c422000 rw-p 00021000 08:02 265231                         /lib64/ld-2.12.so
324c422000-324c423000 rw-p 00000000 00:00 0 
324c600000-324c78a000 r-xp 00000000 08:02 265232                         /lib64/libc-2.12.so
324c78a000-324c98a000 ---p 0018a000 08:02 265232                         /lib64/libc-2.12.so
324c98a000-324c98e000 r--p 0018a000 08:02 265232                         /lib64/libc-2.12.so
324c98e000-324c990000 rw-p 0018e000 08:02 265232                         /lib64/libc-2.12.so
324c990000-324c994000 rw-p 00000000 00:00 0 
324ca00000-324ca17000 r-xp 00000000 08:02 265235                         /lib64/libpthread-2.12.so
324ca17000-324cc17000 ---p 00017000 08:02 265235                         /lib64/libpthread-2.12.so
324cc17000-324cc18000 r--p 00017000 08:02 265235                         /lib64/libpthread-2.12.so
324cc18000-324cc19000 rw-p 00018000 08:02 265235                         /lib64/libpthread-2.12.so
324cc19000-324cc1d000 rw-p 00000000 00:00 0 
324ce00000-324ce02000 r-xp 00000000 08:02 265238                         /lib64/libdl-2.12.so
324ce02000-324d002000 ---p 00002000 08:02 265238                         /lib64/libdl-2.12.so
324d002000-324d003000 r--p 00002000 08:02 265238                         /lib64/libdl-2.12.so
324d003000-324d004000 rw-p 00003000 08:02 265238                         /lib64/libdl-2.12.so
324d200000-324d207000 r-xp 00000000 08:02 265236                         /lib64/librt-2.12.so
324d207000-324d406000 ---p 00007000 08:02 265236                         /lib64/librt-2.12.so
324d406000-324d407000 r--p 00006000 08:02 265236                         /lib64/librt-2.12.so
324d407000-324d408000 rw-p 00007000 08:02 265236                         /lib64/librt-2.12.so
324d600000-324d683000 r-xp 00000000 08:02 265241                         /lib64/libm-2.12.so
324d683000-324d882000 ---p 00083000 08:02 265241                         /lib64/libm-2.12.so
324d882000-324d883000 r--p 00082000 08:02 265241                         /lib64/libm-2.12.so
324d883000-324d884000 rw-p 00083000 08:02 265241                         /lib64/libm-2.12.so
7ff938000000-7ff938021000 rw-p 00000000 00:00 0 
7ff938021000-7ff93c000000 ---p 00000000 00:00 0 
7ff940000000-7ff940021000 rw-p 00000000 00:00 0 
7ff940021000-7ff944000000 ---p 00000000 00:00 0 
7ff944000000-7ff944021000 rw-p 00000000 00:00 0 
7ff944021000-7ff948000000 ---p 00000000 00:00 0 
7ff948000000-7ff948021000 rw-p 00000000 00:00 0 
7ff948021000-7ff94c000000 ---p 00000000 00:00 0 
7ff94c000000-7ff94c021000 rw-p 00000000 00:00 0 
7ff94c021000-7ff950000000 ---p 00000000 00:00 0 
7ff950000000-7ff950021000 rw-p 00000000 00:00 0 
7ff950021000-7ff954000000 ---p 00000000 00:00 0 
7ff954000000-7ff954021000 rw-p 00000000 00:00 0 
7ff954021000-7ff958000000 ---p 00000000 00:00 0 
7ff958000000-7ff958021000 rw-p 00000000 00:00 0 
7ff958021000-7ff95c000000 ---p 00000000 00:00 0 
7ff95c000000-7ff95c021000 rw-p 00000000 00:00 0 
7ff95c021000-7ff960000000 ---p 00000000 00:00 0 
7ff960000000-7ff960021000 rw-p 00000000 00:00 0 
7ff960021000-7ff964000000 ---p 00000000 00:00 0 
7ff964000000-7ff964021000 rw-p 00000000 00:00 0 
7ff964021000-7ff968000000 ---p 00000000 00:00 0 
7ff968000000-7ff968063000 rw-p 00000000 00:00 0 
7ff968063000-7ff96c000000 ---p 00000000 00:00 0 
7ff96c000000-7ff96c021000 rw-p 00000000 00:00 0 
7ff96c021000-7ff970000000 ---p 00000000 00:00 0 
7ff970000000-7ff970021000 rw-p 00000000 00:00 0 
7ff970021000-7ff974000000 ---p 00000000 00:00 0 
7ff974000000-7ff97429d000 rw-p 00000000 00:00 0 
7ff97429d000-7ff978000000 ---p 00000000 00:00 0 
7ff978000000-7ff978021000 rw-p 00000000 00:00 0 
7ff978021000-7ff97c000000 ---p 00000000 00:00 0 
7ff97c000000-7ff97c021000 rw-p 00000000 00:00 0 
7ff97c021000-7ff980000000 ---p 00000000 00:00 0 
7ff980000000-7ff9806bf000 rw-p 00000000 00:00 0 
7ff9806bf000-7ff984000000 ---p 00000000 00:00 0 
7ff984000000-7ff984021000 rw-p 00000000 00:00 0 
7ff984021000-7ff988000000 ---p 00000000 00:00 0 
7ff988000000-7ff989b9f000 rw-p 00000000 00:00 0 
7ff989b9f000-7ff98c000000 ---p 00000000 00:00 0 
7ff98c000000-7ff98dcdb000 rw-p 00000000 00:00 0 
7ff98dcdb000-7ff990000000 ---p 00000000 00:00 0 
7ff990000000-7ff990063000 rw-p 00000000 00:00 0 
7ff990063000-7ff994000000 ---p 00000000 00:00 0 
7ff99616b000-7ff99c000000 r--p 00000000 08:02 133253                     /usr/lib/locale/locale-archive
7ff99c000000-7ff99c021000 rw-p 00000000 00:00 0 
7ff99c021000-7ff9a0000000 ---p 00000000 00:00 0 
7ff9a0000000-7ff9a0021000 rw-p 00000000 00:00 0 
7ff9a0021000-7ff9a4000000 ---p 00000000 00:00 0 
7ff9a4000000-7ff9a428f000 rw-p 00000000 00:00 0 
7ff9a428f000-7ff9a8000000 ---p 00000000 00:00 0 
7ff9a8000000-7ff9a8021000 rw-p 00000000 00:00 0 
7ff9a8021000-7ff9ac000000 ---p 00000000 00:00 0 
7ff9ac000000-7ff9ac027000 rw-p 00000000 00:00 0 
7ff9ac027000-7ff9b0000000 ---p 00000000 00:00 0 
7ff9b3a00000-7ff9b3b1c000 rw-p 00000000 00:00 0 
7ff9b3b1c000-7ff9b3c00000 ---p 00000000 00:00 0 
7ff9b3c00000-7ff9b3e00000 rw-p 00000000 00:00 0 
7ff9b3e00000-7ff9b4000000 rw-p 00000000 00:00 0 
7ff9b4000000-7ff9b4021000 rw-p 00000000 00:00 0 
7ff9b4021000-7ff9b8000000 ---p 00000000 00:00 0 
7ff9b80b5000-7ff9b82b5000 rw-p 00000000 00:00 0 
7ff9b82b5000-7ff9b82b8000 ---p 00000000 00:00 0 
7ff9b82b8000-7ff9b83b6000 rw-p 00000000 00:00 0 
7ff9b83b6000-7ff9b83b9000 ---p 00000000 00:00 0 
7ff9b83b9000-7ff9b86b7000 rw-p 00000000 00:00 0 
7ff9b86b7000-7ff9b88b7000 rw-p 00000000 00:00 0 
7ff9b88b7000-7ff9b8ab7000 rw-p 00000000 00:00 0 
7ff9b8ab7000-7ff9b8cb7000 rw-p 00000000 00:00 0 
7ff9b8cb7000-7ff9b8eb7000 rw-p 00000000 00:00 0 
7ff9b8eb7000-7ff9b90b7000 rw-p 00000000 00:00 0 
7ff9b90b7000-7ff9b92b5000 rw-p 00000000 00:00 0 
7ff9b92b5000-7ff9b92b7000 ---p 00000000 00:00 0 
7ff9b92b7000-7ff9b94b7000 rw-p 00000000 00:00 0 
7ff9b94d0000-7ff9b96d0000 rw-p 00000000 00:00 0 
7ff9b96d0000-7ff9b96d3000 ---p 00000000 00:00 0 
7ff9b96d3000-7ff9b97d1000 rw-p 00000000 00:00 0 
7ff9b97d1000-7ff9b97d4000 ---p 00000000 00:00 0 
7ff9b97d4000-7ff9b98d2000 rw-p 00000000 00:00 0 
7ff9b98d2000-7ff9b98d5000 ---p 00000000 00:00 0 
7ff9b98d5000-7ff9b99d3000 rw-p 00000000 00:00 0 
7ff9b99d3000-7ff9b99d6000 ---p 00000000 00:00 0 
7ff9b99d6000-7ff9b9ad4000 rw-p 00000000 00:00 0 
7ff9b9ad4000-7ff9b9ad7000 ---p 00000000 00:00 0 
7ff9b9ad7000-7ff9b9bd5000 rw-p 00000000 00:00 0 
7ff9b9bd5000-7ff9b9bd8000 ---p 00000000 00:00 0 
7ff9b9bd8000-7ff9b9ed6000 rw-p 00000000 00:00 0 
7ff9b9ed6000-7ff9b9ed9000 ---p 00000000 00:00 0 
7ff9b9ed9000-7ff9b9fd7000 rw-p 00000000 00:00 0 
7ff9b9fd7000-7ff9b9fda000 ---p 00000000 00:00 0 
7ff9b9fda000-7ff9ba0d8000 rw-p 00000000 00:00 0 
7ff9ba0d8000-7ff9ba0db000 ---p 00000000 00:00 0 
7ff9ba0db000-7ff9ba1d9000 rw-p 00000000 00:00 0 
7ff9ba1d9000-7ff9ba1dc000 ---p 00000000 00:00 0 
7ff9ba1dc000-7ff9ba2da000 rw-p 00000000 00:00 0 
7ff9ba2da000-7ff9ba2dd000 ---p 00000000 00:00 0 
7ff9ba2dd000-7ff9ba3db000 rw-p 00000000 00:00 0 
7ff9ba3db000-7ff9ba3de000 ---p 00000000 00:00 0 
7ff9ba3de000-7ff9ba6dc000 rw-p 00000000 00:00 0 
7ff9ba6dc000-7ff9ba6df000 ---p 00000000 00:00 0 
7ff9ba6df000-7ff9ba7dd000 rw-p 00000000 00:00 0 
7ff9ba7dd000-7ff9ba7e0000 ---p 00000000 00:00 0 
7ff9ba7e0000-7ff9ba8de000 rw-p 00000000 00:00 0 
7ff9ba8de000-7ff9ba8e1000 ---p 00000000 00:00 0 
7ff9ba8e1000-7ff9ba9df000 rw-p 00000000 00:00 0 
7ff9ba9df000-7ff9ba9e2000 ---p 00000000 00:00 0 
7ff9ba9e2000-7ff9baae0000 rw-p 00000000 00:00 0 
7ff9baae0000-7ff9baae3000 ---p 00000000 00:00 0 
7ff9baae3000-7ff9babe1000 rw-p 00000000 00:00 0 
7ff9babe1000-7ff9babe4000 ---p 00000000 00:00 0 
7ff9babe4000-7ff9bace2000 rw-p 00000000 00:00 0 
7ff9bace2000-7ff9bace5000 ---p 00000000 00:00 0 
7ff9bace5000-7ff9bade3000 rw-p 00000000 00:00 0 
7ff9bade3000-7ff9bade6000 ---p 00000000 00:00 0 
7ff9bade6000-7ff9bb0e4000 rw-p 00000000 00:00 0 
7ff9bb0e4000-7ff9bb0e7000 ---p 00000000 00:00 0 
7ff9bb0e7000-7ff9bb1e5000 rw-p 00000000 00:00 0 
7ff9bb1e5000-7ff9bb1e8000 ---p 00000000 00:00 0 
7ff9bb1e8000-7ff9bb2e6000 rw-p 00000000 00:00 0 
7ff9bb2e6000-7ff9bb2e9000 ---p 00000000 00:00 0 
7ff9bb2e9000-7ff9bb3e7000 rw-p 00000000 00:00 0 
7ff9bb3e7000-7ff9bb3ea000 ---p 00000000 00:00 0 
7ff9bb3ea000-7ff9bb4e8000 rw-p 00000000 00:00 0 
7ff9bb4e8000-7ff9bb4eb000 ---p 00000000 00:00 0 
7ff9bb4eb000-7ff9bb5e9000 rw-p 00000000 00:00 0 
7ff9bb5e9000-7ff9bb5ec000 ---p 00000000 00:00 0 
7ff9bb5ec000-7ff9bb6ea000 rw-p 00000000 00:00 0 
7ff9bb6ea000-7ff9bb6ed000 ---p 00000000 00:00 0 
7ff9bb6ed000-7ff9bb7eb000 rw-p 00000000 00:00 0 
7ff9bb7eb000-7ff9bb7ee000 ---p 00000000 00:00 0 
7ff9bb7ee000-7ff9bb8ec000 rw-p 00000000 00:00 0 
7ff9bb8ec000-7ff9bb8ef000 ---p 00000000 00:00 0 
7ff9bb8ef000-7ff9bb9ed000 rw-p 00000000 00:00 0 
7ff9bb9ed000-7ff9bb9f0000 ---p 00000000 00:00 0 
7ff9bb9f0000-7ff9bbcee000 rw-p 00000000 00:00 0 
7ff9bbcee000-7ff9bbcff000 r-xp 00000000 08:02 292300                     /usr/local/java/jdk1.8.0_111/jre/lib/amd64/libnio.so
7ff9bbcff000-7ff9bbefe000 ---p 00011000 08:02 292300                     /usr/local/java/jdk1.8.0_111/jre/lib/amd64/libnio.so
7ff9bbefe000-7ff9bbeff000 rw-p 00010000 08:02 292300                     /usr/local/java/jdk1.8.0_111/jre/lib/amd64/libnio.so
7ff9bbeff000-7ff9bbf02000 ---p 00000000 00:00 0 
7ff9bbf02000-7ff9bc000000 rw-p 00000000 00:00 0 
7ff9bc000000-7ff9bc021000 rw-p 00000000 00:00 0 
7ff9bc021000-7ff9c0000000 ---p 00000000 00:00 0 
7ff9c005e000-7ff9c005f000 rw-p 00000000 00:00 0 
7ff9c005f000-7ff9c0063000 r--s 00097000 08:02 292249                     /usr/local/java/jdk1.8.0_111/jre/lib/jsse.jar
7ff9c0063000-7ff9c0263000 rw-p 00000000 00:00 0 
7ff9c0263000-7ff9c0264000 r-xp 00000000 08:02 292332                     /usr/local/java/jdk1.8.0_111/jre/lib/amd64/libjaas_unix.so
7ff9c0264000-7ff9c0463000 ---p 00001000 08:02 292332                     /usr/local/java/jdk1.8.0_111/jre/lib/amd64/libjaas_unix.so
7ff9c0463000-7ff9c0464000 rw-p 00000000 08:02 292332                     /usr/local/java/jdk1.8.0_111/jre/lib/amd64/libjaas_unix.so
7ff9c0464000-7ff9c0467000 ---p 00000000 00:00 0 
7ff9c0467000-7ff9c0565000 rw-p 00000000 00:00 0 
7ff9c0565000-7ff9c0568000 ---p 00000000 00:00 0 
7ff9c0568000-7ff9c079e000 rw-p 00000000 00:00 0 
7ff9c079e000-7ff9c099e000 rw-p 00000000 00:00 0 
7ff9c099e000-7ff9c09a1000 r--s 0001a000 08:02 293332                     /usr/local/java/jdk1.8.0_111/jre/lib/jce.jar
7ff9c09a1000-7ff9c09aa000 r-xp 00000000 08:02 292311                     /usr/local/java/jdk1.8.0_111/jre/lib/amd64/libmanagement.so
7ff9c09aa000-7ff9c0ba9000 ---p 00009000 08:02 292311                     /usr/local/java/jdk1.8.0_111/jre/lib/amd64/libmanagement.so
7ff9c0ba9000-7ff9c0baa000 rw-p 00008000 08:02 292311                     /usr/local/java/jdk1.8.0_111/jre/lib/amd64/libmanagement.so
7ff9c0baa000-7ff9c0daa000 rw-p 00000000 00:00 0 
7ff9c0daa000-7ff9c0dab000 ---p 00000000 00:00 0 
7ff9c0dab000-7ff9c0eab000 rw-p 00000000 00:00 0 
7ff9c0eab000-7ff9c0eae000 ---p 00000000 00:00 0 
7ff9c0eae000-7ff9c0fac000 rw-p 00000000 00:00 0 
7ff9c0fac000-7ff9c0fc2000 r-xp 00000000 08:02 292275                     /usr/local/java/jdk1.8.0_111/jre/lib/amd64/libnet.so
7ff9c0fc2000-7ff9c11c2000 ---p 00016000 08:02 292275                     /usr/local/java/jdk1.8.0_111/jre/lib/amd64/libnet.so
7ff9c11c2000-7ff9c11c3000 rw-p 00016000 08:02 292275                     /usr/local/java/jdk1.8.0_111/jre/lib/amd64/libnet.so
7ff9c11c3000-7ff9c11c6000 ---p 00000000 00:00 0 
7ff9c11c6000-7ff9c12c4000 rw-p 00000000 00:00 0 
7ff9c12c4000-7ff9c12c7000 ---p 00000000 00:00 0 
7ff9c12c7000-7ff9c13c5000 rw-p 00000000 00:00 0 
7ff9c13c5000-7ff9c13c8000 ---p 00000000 00:00 0 
7ff9c13c8000-7ff9c14c6000 rw-p 00000000 00:00 0 
7ff9c14c6000-7ff9c14c9000 ---p 00000000 00:00 0 
7ff9c14c9000-7ff9c15c7000 rw-p 00000000 00:00 0 
7ff9c15c7000-7ff9c15c9000 r--s 0001a000 08:04 148083                     /mnt/disk/apps/idea-IU-173.4127.27/lib/idea_rt.jar
7ff9c15c9000-7ff9c15d7000 r--s 00090000 08:02 307526                     /root/.m2/repository/org/apache/mina/mina-core/2.0.4/mina-core-2.0.4.jar
7ff9c15d7000-7ff9c15dd000 r--s 00034000 08:02 307512                     /root/.m2/repository/org/apache/thrift/libthrift/0.9.3/libthrift-0.9.3.jar
7ff9c15dd000-7ff9c15e2000 r--s 0002a000 08:02 307524                     /root/.m2/repository/com/google/code/gson/gson/2.2.2/gson-2.2.2.jar
7ff9c15e2000-7ff9c15e9000 r--s 0007d000 08:02 307518                     /root/.m2/repository/org/mortbay/jetty/jetty/6.1.26/jetty-6.1.26.jar
7ff9c15e9000-7ff9c15ed000 r--s 00028000 08:02 300018                     /root/.m2/repository/org/mortbay/jetty/jetty-util/6.1.26/jetty-util-6.1.26.jar
7ff9c15ed000-7ff9c15f0000 r--s 0001e000 08:02 303668                     /root/.m2/repository/org/mortbay/jetty/servlet-api/2.5-20110124/servlet-api-2.5-20110124.jar
7ff9c15f0000-7ff9c15f8000 r--s 00066000 08:02 307667                     /root/.m2/repository/org/apache/velocity/velocity/1.7/velocity-1.7.jar
7ff9c15f8000-7ff9c15fc000 r--s 0002a000 08:02 303673                     /root/.m2/repository/org/apache/avro/avro-ipc/1.7.4/avro-ipc-1.7.4.jar
7ff9c15fc000-7ff9c1601000 r--s 00040000 08:02 291010                     /root/.m2/repository/commons-lang/commons-lang/2.5/commons-lang-2.5.jar
7ff9c1601000-7ff9c1603000 r--s 00009000 08:02 299981                     /root/.m2/repository/commons-cli/commons-cli/1.2/commons-cli-1.2.jar
7ff9c1603000-7ff9c160a000 r--s 0003a000 08:02 300047                     /root/.m2/repository/commons-codec/commons-codec/1.8/commons-codec-1.8.jar
7ff9c160a000-7ff9c160d000 r--s 00025000 08:02 303671                     /root/.m2/repository/commons-io/commons-io/2.1/commons-io-2.1.jar
7ff9c160d000-7ff9c160f000 r--s 00005000 08:02 303659                     /root/.m2/repository/org/apache/flume/flume-ng-auth/1.8.0/flume-ng-auth-1.8.0.jar
7ff9c160f000-7ff9c1611000 r--s 0000d000 08:02 303665                     /root/.m2/repository/org/apache/flume/flume-ng-configuration/1.8.0/flume-ng-configuration-1.8.0.jar
7ff9c1611000-7ff9c1614000 r--s 00022000 08:02 303666                     /root/.m2/repository/org/apache/flume/flume-ng-sdk/1.8.0/flume-ng-sdk-1.8.0.jar
7ff9c1614000-7ff9c161d000 r--s 00059000 08:02 303661                     /root/.m2/repository/org/apache/flume/flume-ng-core/1.8.0/flume-ng-core-1.8.0.jar
7ff9c161d000-7ff9c1669000 r--s 00411000 08:02 300324                     /root/.m2/repository/org/scala-lang/scala-reflect/2.11.8/scala-reflect-2.11.8.jar
7ff9c1669000-7ff9c166b000 r--s 0000e000 08:02 301841                     /root/.m2/repository/com/twitter/jsr166e/1.1.0/jsr166e-1.1.0.jar
7ff9c166b000-7ff9c166d000 r--s 00008000 08:02 301839                     /root/.m2/repository/org/joda/joda-convert/1.2/joda-convert-1.2.jar
7ff9c166d000-7ff9c167a000 r--s 00083000 08:02 299927                     /root/.m2/repository/commons-collections/commons-collections/3.2.2/commons-collections-3.2.2.jar
7ff9c167a000-7ff9c167f000 r--s 00038000 08:02 301833                     /root/.m2/repository/commons-beanutils/commons-beanutils/1.9.3/commons-beanutils-1.9.3.jar
7ff9c167f000-7ff9c168e000 r--s 0007f000 08:02 301836                     /root/.m2/repository/joda-time/joda-time/2.3/joda-time-2.3.jar
7ff9c168e000-7ff9c172d000 r--s 00782000 08:02 301831                     /root/.m2/repository/com/datastax/spark/spark-cassandra-connector_2.11/2.0.5/spark-cassandra-connector_2.11-2.0.5.jar
7ff9c172d000-7ff9c1732000 r--s 0004a000 08:02 301812                     /root/.m2/repository/com/github/jnr/jnr-constants/0.9.0/jnr-constants-0.9.0.jar
7ff9c1732000-7ff9c1737000 r--s 00031000 08:02 301803                     /root/.m2/repository/com/github/jnr/jnr-posix/3.0.27/jnr-posix-3.0.27.jar
7ff9c1737000-7ff9c173a000 r--s 00033000 08:02 301781                     /root/.m2/repository/com/github/jnr/jnr-x86asm/1.0.2/jnr-x86asm-1.0.2.jar
7ff9c173a000-7ff9c173b000 r--s 0000a000 08:02 301808                     /root/.m2/repository/org/ow2/asm/asm-util/5.0.3/asm-util-5.0.3.jar
7ff9c173b000-7ff9c173d000 r--s 00006000 08:02 301810                     /root/.m2/repository/org/ow2/asm/asm-tree/5.0.3/asm-tree-5.0.3.jar
7ff9c173d000-7ff9c173e000 r--s 00004000 08:02 301802                     /root/.m2/repository/org/ow2/asm/asm-analysis/5.0.3/asm-analysis-5.0.3.jar
7ff9c173e000-7ff9c1740000 r--s 00009000 08:02 301798                     /root/.m2/repository/org/ow2/asm/asm-commons/5.0.3/asm-commons-5.0.3.jar
7ff9c1740000-7ff9c1741000 r--s 0000c000 08:02 301777                     /root/.m2/repository/org/ow2/asm/asm/5.0.3/asm-5.0.3.jar
7ff9c1741000-7ff9c1743000 r--s 0006e000 08:02 301783                     /root/.m2/repository/com/github/jnr/jffi/1.2.10/jffi-1.2.10-native.jar
7ff9c1743000-7ff9c1747000 r--s 00021000 08:02 301778                     /root/.m2/repository/com/github/jnr/jffi/1.2.10/jffi-1.2.10.jar
7ff9c1747000-7ff9c1757000 r--s 00091000 08:02 301806                     /root/.m2/repository/com/github/jnr/jnr-ffi/2.0.7/jnr-ffi-2.0.7.jar
7ff9c1757000-7ff9c1783000 r--s 00208000 08:02 308078                     /root/.m2/repository/com/google/guava/guava/19.0/guava-19.0.jar
7ff9c1783000-7ff9c1787000 r--s 00021000 08:02 301787                     /root/.m2/repository/io/netty/netty-codec/4.0.47.Final/netty-codec-4.0.47.Final.jar
7ff9c1787000-7ff9c178f000 r--s 00055000 08:02 301789                     /root/.m2/repository/io/netty/netty-transport/4.0.47.Final/netty-transport-4.0.47.Final.jar
7ff9c178f000-7ff9c1797000 r--s 00052000 08:02 301782                     /root/.m2/repository/io/netty/netty-common/4.0.47.Final/netty-common-4.0.47.Final.jar
7ff9c1797000-7ff9c179b000 r--s 00036000 08:02 301785                     /root/.m2/repository/io/netty/netty-buffer/4.0.47.Final/netty-buffer-4.0.47.Final.jar
7ff9c179b000-7ff9c17a2000 r--s 0004d000 08:02 301776                     /root/.m2/repository/io/netty/netty-handler/4.0.47.Final/netty-handler-4.0.47.Final.jar
7ff9c17a2000-7ff9c17b5000 r--s 000f6000 08:02 301774                     /root/.m2/repository/com/datastax/cassandra/cassandra-driver-core/3.3.0/cassandra-driver-core-3.3.0.jar
7ff9c17b5000-7ff9c17b6000 r--s 00000000 08:02 307491                     /root/.m2/repository/org/typelevel/macro-compat_2.11/1.1.1/macro-compat_2.11-1.1.1.jar
7ff9c17b6000-7ff9c17fc000 r--s 00317000 08:02 307455                     /root/.m2/repository/com/chuusai/shapeless_2.11/2.3.2/shapeless_2.11-2.3.2.jar
7ff9c17fc000-7ff9c17fd000 r--s 00008000 08:02 307493                     /root/.m2/repository/org/typelevel/machinist_2.11/0.6.1/machinist_2.11-0.6.1.jar
7ff9c17fd000-7ff9c17ff000 r--s 00014000 08:02 307487                     /root/.m2/repository/org/spire-math/spire-macros_2.11/0.13.0/spire-macros_2.11-0.13.0.jar
7ff9c17ff000-7ff9c186a000 r--s 0093d000 08:02 307485                     /root/.m2/repository/org/spire-math/spire_2.11/0.13.0/spire_2.11-0.13.0.jar
7ff9c186a000-7ff9c1875000 r--s 000b0000 08:02 307483                     /root/.m2/repository/com/github/rwl/jtransforms/2.4.0/jtransforms-2.4.0.jar
7ff9c1875000-7ff9c1876000 r--s 00004000 08:02 285199                     /root/.m2/repository/net/sf/opencsv/opencsv/2.3/opencsv-2.3.jar
7ff9c1876000-7ff9c187a000 r--s 0002a000 08:02 307458                     /root/.m2/repository/org/scalanlp/breeze-macros_2.11/0.13.2/breeze-macros_2.11-0.13.2.jar
7ff9c187a000-7ff9c1952000 r--s 00d92000 08:02 307475                     /root/.m2/repository/org/scalanlp/breeze_2.11/0.13.2/breeze_2.11-0.13.2.jar
7ff9c1952000-7ff9c1956000 r--s 00029000 08:02 305294                     /root/.m2/repository/org/apache/spark/spark-mllib-local_2.11/2.3.0/spark-mllib-local_2.11-2.3.0.jar
7ff9c1956000-7ff9c1968000 r--s 00112000 08:02 307477                     /root/.m2/repository/net/sourceforge/f2j/arpack_combined_all/0.1/arpack_combined_all-0.1.jar
7ff9c1968000-7ff9c196a000 r--s 00027000 08:02 307473                     /root/.m2/repository/com/github/fommil/netlib/core/1.1.2/core-1.1.2.jar
7ff9c196a000-7ff9c1978000 r--s 000a0000 08:02 305292                     /root/.m2/repository/org/apache/spark/spark-graphx_2.11/2.3.0/spark-graphx_2.11-2.3.0.jar
7ff9c1978000-7ff9c1983000 r--s 0005d000 08:02 307468                     /root/.m2/repository/org/scala-lang/modules/scala-parser-combinators_2.11/1.0.4/scala-parser-combinators_2.11-1.0.4.jar
7ff9c1983000-7ff9c1a10000 r--s 006d5000 08:02 305290                     /root/.m2/repository/org/apache/spark/spark-mllib_2.11/2.3.0/spark-mllib_2.11-2.3.0.jar
7ff9c1a10000-7ff9c1a12000 r--s 00038000 08:02 300000                     /root/.m2/repository/net/jpountz/lz4/lz4/1.3.0/lz4-1.3.0.jar
7ff9c1a12000-7ff9c1a20000 r--s 000a9000 08:02 307530                     /root/.m2/repository/org/apache/kafka/kafka-clients/0.10.0.1/kafka-clients-0.10.0.1.jar
7ff9c1a20000-7ff9c1a29000 r--s 0005b000 08:02 304873                     /root/.m2/repository/org/apache/spark/spark-sql-kafka-0-10_2.11/2.3.0/spark-sql-kafka-0-10_2.11-2.3.0.jar
7ff9c1a29000-7ff9c1a2b000 r--s 0000e000 08:02 300231                     /root/.m2/repository/com/101tec/zkclient/0.3/zkclient-0.3.jar
7ff9c1a2b000-7ff9c1a2e000 r--s 00012000 08:02 300225                     /root/.m2/repository/com/yammer/metrics/metrics-core/2.2.0/metrics-core-2.2.0.jar
7ff9c1a2e000-7ff9c1a38000 r--s 00095000 08:02 300221                     /root/.m2/repository/org/scala-lang/modules/scala-xml_2.11/1.0.2/scala-xml_2.11-1.0.2.jar
7ff9c1a38000-7ff9c1a80000 r--s 0037e000 08:02 299947                     /root/.m2/repository/org/apache/kafka/kafka_2.11/0.8.2.1/kafka_2.11-0.8.2.1.jar
7ff9c1a80000-7ff9c1a87000 r--s 00043000 08:02 305288                     /root/.m2/repository/org/apache/spark/spark-streaming-kafka-0-8_2.11/2.3.0/spark-streaming-kafka-0-8_2.11-2.3.0.jar
7ff9c1a87000-7ff9c1a88000 r--s 00002000 08:02 304871                     /root/.m2/repository/com/vlkan/flatbuffers/1.2.0-3f79e055/flatbuffers-1.2.0-3f79e055.jar
7ff9c1a88000-7ff9c1aa9000 r--s 00177000 08:02 304869                     /root/.m2/repository/com/carrotsearch/hppc/0.7.2/hppc-0.7.2.jar
7ff9c1aa9000-7ff9c1aab000 r--s 00012000 08:02 304863                     /root/.m2/repository/org/apache/arrow/arrow-memory/0.8.0/arrow-memory-0.8.0.jar
7ff9c1aab000-7ff9c1aad000 r--s 0000b000 08:02 304859                     /root/.m2/repository/org/apache/arrow/arrow-format/0.8.0/arrow-format-0.8.0.jar
7ff9c1aad000-7ff9c1abd000 r--s 00127000 08:02 304857                     /root/.m2/repository/org/apache/arrow/arrow-vector/0.8.0/arrow-vector-0.8.0.jar
7ff9c1abd000-7ff9c1ad1000 r--s 000ec000 08:02 300209                     /root/.m2/repository/org/apache/parquet/parquet-jackson/1.8.2/parquet-jackson-1.8.2.jar
7ff9c1ad1000-7ff9c1ad9000 r--s 00058000 08:02 300207                     /root/.m2/repository/org/apache/parquet/parquet-format/2.3.1/parquet-format-2.3.1.jar
7ff9c1ad9000-7ff9c1adf000 r--s 00038000 08:02 300173                     /root/.m2/repository/org/apache/parquet/parquet-hadoop/1.8.2/parquet-hadoop-1.8.2.jar
7ff9c1adf000-7ff9c1ae5000 r--s 00040000 08:02 299986                     /root/.m2/repository/org/apache/parquet/parquet-encoding/1.8.2/parquet-encoding-1.8.2.jar
7ff9c1ae5000-7ff9c1ae7000 r--s 00009000 08:02 300201                     /root/.m2/repository/org/apache/parquet/parquet-common/1.8.2/parquet-common-1.8.2.jar
7ff9c1ae7000-7ff9c1afe000 r--s 000d3000 08:02 300205                     /root/.m2/repository/org/apache/parquet/parquet-column/1.8.2/parquet-column-1.8.2.jar
7ff9c1afe000-7ff9c1b08000 r--s 000af000 08:02 304853                     /root/.m2/repository/org/apache/orc/orc-mapreduce/1.4.1/orc-mapreduce-1.4.1-nohive.jar
7ff9c1b08000-7ff9c1b0a000 r--s 0001e000 08:02 304851                     /root/.m2/repository/io/airlift/aircompressor/0.8/aircompressor-0.8.jar
7ff9c1b0a000-7ff9c1b12000 r--s 0007b000 08:02 300021                     /root/.m2/repository/com/google/protobuf/protobuf-java/2.5.0/protobuf-java-2.5.0.jar
7ff9c1b12000-7ff9c1b25000 r--s 0014e000 08:02 304849                     /root/.m2/repository/org/apache/orc/orc-core/1.4.1/orc-core-1.4.1-nohive.jar
7ff9c1b25000-7ff9c1b2b000 r--s 0004c000 08:02 300768                     /root/.m2/repository/org/antlr/antlr4-runtime/4.7/antlr4-runtime-4.7.jar
7ff9c1b2b000-7ff9c1b2d000 r--s 00008000 08:02 300766                     /root/.m2/repository/org/codehaus/janino/commons-compiler/3.0.8/commons-compiler-3.0.8.jar
7ff9c1b2d000-7ff9c1b39000 r--s 000b7000 08:02 300764                     /root/.m2/repository/org/codehaus/janino/janino/3.0.8/janino-3.0.8.jar
7ff9c1b39000-7ff9c1be1000 r--s 007ea000 08:02 300762                     /root/.m2/repository/org/apache/spark/spark-catalyst_2.11/2.3.0/spark-catalyst_2.11-2.3.0.jar
7ff9c1be1000-7ff9c1be3000 r--s 00006000 08:02 300760                     /root/.m2/repository/org/apache/spark/spark-sketch_2.11/2.3.0/spark-sketch_2.11-2.3.0.jar
7ff9c1be3000-7ff9c1beb000 r--s 00056000 08:02 300756                     /root/.m2/repository/com/univocity/univocity-parsers/2.5.9/univocity-parsers-2.5.9.jar
7ff9c1beb000-7ff9c1c96000 r--s 00799000 08:02 300630                     /root/.m2/repository/org/apache/spark/spark-sql_2.11/2.3.0/spark-sql_2.11-2.3.0.jar
7ff9c1c96000-7ff9c1c97000 r--s 00000000 08:02 300219                     /root/.m2/repository/org/spark-project/spark/unused/1.0.0/unused-1.0.0.jar
7ff9c1c97000-7ff9c1c99000 r--s 0001f000 08:02 300034                     /root/.m2/repository/org/apache/commons/commons-crypto/1.0.0/commons-crypto-1.0.0.jar
7ff9c1c99000-7ff9c1c9a000 r--s 00003000 08:02 300441                     /root/.m2/repository/org/apache/spark/spark-tags_2.11/2.3.0/spark-tags_2.11-2.3.0.jar
7ff9c1c9a000-7ff9c1c9c000 r--s 0001b000 08:02 300754                     /root/.m2/repository/net/sf/py4j/py4j/0.10.6/py4j-0.10.6.jar
7ff9c1c9c000-7ff9c1c9f000 r--s 00015000 08:02 300103                     /root/.m2/repository/net/razorvine/pyrolite/4.13/pyrolite-4.13.jar
7ff9c1c9f000-7ff9c1ca1000 r--s 0000e000 08:02 290240                     /root/.m2/repository/oro/oro/2.0.8/oro-2.0.8.jar
7ff9c1ca1000-7ff9c1cb7000 r--s 00124000 08:02 300175                     /root/.m2/repository/org/apache/ivy/ivy/2.4.0/ivy-2.4.0.jar
7ff9c1cb7000-7ff9c1cb9000 r--s 00009000 08:02 300752                     /root/.m2/repository/com/fasterxml/jackson/module/jackson-module-paranamer/2.7.9/jackson-module-paranamer-2.7.9.jar
7ff9c1cb9000-7ff9c1cc6000 r--s 00071000 08:02 300750                     /root/.m2/repository/com/fasterxml/jackson/module/jackson-module-scala_2.11/2.6.7.1/jackson-module-scala_2.11-2.6.7.1.jar
7ff9c1cc6000-7ff9c1cd7000 r--s 0010c000 08:02 300443                     /root/.m2/repository/com/fasterxml/jackson/core/jackson-databind/2.6.7.1/jackson-databind-2.6.7.1.jar
7ff9c1cd7000-7ff9c1cd9000 r--s 00004000 08:02 300748                     /root/.m2/repository/io/dropwizard/metrics/metrics-graphite/3.1.5/metrics-graphite-3.1.5.jar
7ff9c1cd9000-7ff9c1cda000 r--s 00003000 08:02 300746                     /root/.m2/repository/io/dropwizard/metrics/metrics-json/3.1.5/metrics-json-3.1.5.jar
7ff9c1cda000-7ff9c1cdc000 r--s 00008000 08:02 300744                     /root/.m2/repository/io/dropwizard/metrics/metrics-jvm/3.1.5/metrics-jvm-3.1.5.jar
7ff9c1cdc000-7ff9c1ce0000 r--s 0001a000 08:02 300742                     /root/.m2/repository/io/dropwizard/metrics/metrics-core/3.1.5/metrics-core-3.1.5.jar
7ff9c1ce0000-7ff9c1ce3000 r--s 00028000 08:02 300148                     /root/.m2/repository/com/clearspring/analytics/stream/2.7.0/stream-2.7.0.jar
7ff9c1ce3000-7ff9c1cfc000 r--s 0012c000 08:02 300137                     /root/.m2/repository/io/netty/netty/3.9.9.Final/netty-3.9.9.Final.jar
7ff9c1cfc000-7ff9c1d3d000 r--s 0035a000 08:02 300449                     /root/.m2/repository/io/netty/netty-all/4.1.17.Final/netty-all-4.1.17.Final.jar
7ff9c1d3d000-7ff9c1d40000 r--s 0000e000 08:02 300151                     /root/.m2/repository/org/glassfish/jersey/containers/jersey-container-servlet-core/2.22.2/jersey-container-servlet-core-2.22.2.jar
7ff9c1d40000-7ff9c1d42000 r--s 00003000 08:02 300125                     /root/.m2/repository/org/glassfish/jersey/containers/jersey-container-servlet/2.22.2/jersey-container-servlet-2.22.2.jar
7ff9c1d42000-7ff9c1d46000 r--s 0000c000 08:02 300143                     /root/.m2/repository/javax/validation/validation-api/1.1.0.Final/validation-api-1.1.0.Final.jar
7ff9c1d46000-7ff9c1d48000 r--s 00010000 08:02 300115                     /root/.m2/repository/org/glassfish/jersey/media/jersey-media-jaxb/2.22.2/jersey-media-jaxb-2.22.2.jar
7ff9c1d48000-7ff9c1d5e000 r--s 000d3000 08:02 300150                     /root/.m2/repository/org/glassfish/jersey/core/jersey-server/2.22.2/jersey-server-2.22.2.jar
7ff9c1d5e000-7ff9c1d5f000 r--s 00004000 08:02 300131                     /root/.m2/repository/org/glassfish/hk2/osgi-resource-locator/1.0.1/osgi-resource-locator-1.0.1.jar
7ff9c1d5f000-7ff9c1d77000 r--s 000d6000 08:02 300135                     /root/.m2/repository/org/glassfish/jersey/bundles/repackaged/jersey-guava/2.22.2/jersey-guava-2.22.2.jar
7ff9c1d77000-7ff9c1d79000 r--s 00005000 08:02 300097                     /root/.m2/repository/javax/annotation/javax.annotation-api/1.2/javax.annotation-api-1.2.jar
7ff9c1d79000-7ff9c1d87000 r--s 0009d000 08:02 300119                     /root/.m2/repository/org/glassfish/jersey/core/jersey-common/2.22.2/jersey-common-2.22.2.jar
7ff9c1d87000-7ff9c1d91000 r--s 000a5000 08:02 300123                     /root/.m2/repository/org/javassist/javassist/3.18.1-GA/javassist-3.18.1-GA.jar
7ff9c1d91000-7ff9c1d95000 r--s 00029000 08:02 300120                     /root/.m2/repository/org/glassfish/hk2/hk2-locator/2.4.0-b34/hk2-locator-2.4.0-b34.jar
7ff9c1d95000-7ff9c1d96000 r--s 00001000 08:02 300153                     /root/.m2/repository/org/glassfish/hk2/external/javax.inject/2.4.0-b34/javax.inject-2.4.0-b34.jar
7ff9c1d96000-7ff9c1d98000 r--s 00002000 08:02 300127                     /root/.m2/repository/org/glassfish/hk2/external/aopalliance-repackaged/2.4.0-b34/aopalliance-repackaged-2.4.0-b34.jar
7ff9c1d98000-7ff9c1d9c000 r--s 0001a000 08:02 300121                     /root/.m2/repository/org/glassfish/hk2/hk2-utils/2.4.0-b34/hk2-utils-2.4.0-b34.jar
7ff9c1d9c000-7ff9c1da1000 r--s 00027000 08:02 300117                     /root/.m2/repository/org/glassfish/hk2/hk2-api/2.4.0-b34/hk2-api-2.4.0-b34.jar
7ff9c1da1000-7ff9c1da5000 r--s 00019000 08:02 300133                     /root/.m2/repository/javax/ws/rs/javax.ws.rs-api/2.0.1/javax.ws.rs-api-2.0.1.jar
7ff9c1da5000-7ff9c1da9000 r--s 00025000 08:02 300144                     /root/.m2/repository/org/glassfish/jersey/core/jersey-client/2.22.2/jersey-client-2.22.2.jar
7ff9c1da9000-7ff9c1e99000 r--s 00c16000 08:02 300303                     /root/.m2/repository/org/scala-lang/scala-compiler/2.11.0/scala-compiler-2.11.0.jar
7ff9c1e99000-7ff9c1eab000 r--s 000ab000 08:02 300302                     /root/.m2/repository/org/scala-lang/scalap/2.11.0/scalap-2.11.0.jar
7ff9c1eab000-7ff9c1eae000 r--s 00012000 08:02 300299                     /root/.m2/repository/org/json4s/json4s-ast_2.11/3.2.11/json4s-ast_2.11-3.2.11.jar
7ff9c1eae000-7ff9c1eb8000 r--s 00086000 08:02 300297                     /root/.m2/repository/org/json4s/json4s-core_2.11/3.2.11/json4s-core_2.11-3.2.11.jar
7ff9c1eb8000-7ff9c1eb9000 r--s 00009000 08:02 300280                     /root/.m2/repository/org/json4s/json4s-jackson_2.11/3.2.11/json4s-jackson_2.11-3.2.11.jar
7ff9c1eb9000-7ff9c1f12000 r--s 00522000 08:02 300243                     /root/.m2/repository/org/scala-lang/scala-library/2.11.8/scala-library-2.11.8.jar
7ff9c1f12000-7ff9c1f16000 r--s 00030000 08:02 300093                     /root/.m2/repository/commons-net/commons-net/2.2/commons-net-2.2.jar
7ff9c1f16000-7ff9c1f19000 r--s 0002f000 08:02 300089                     /root/.m2/repository/org/roaringbitmap/RoaringBitmap/0.5.11/RoaringBitmap-0.5.11.jar
7ff9c1f19000-7ff9c1f1b000 r--s 00238000 08:02 300740                     /root/.m2/repository/com/github/luben/zstd-jni/1.3.2-2/zstd-jni-1.3.2-2.jar
7ff9c1f1b000-7ff9c1f1e000 r--s 00058000 08:02 300738                     /root/.m2/repository/org/lz4/lz4-java/1.4.0/lz4-java-1.4.0.jar
7ff9c1f1e000-7ff9c1f20000 r--s 00100000 08:02 300087                     /root/.m2/repository/org/xerial/snappy/snappy-java/1.1.2.6/snappy-java-1.1.2.6.jar
7ff9c1f20000-7ff9c1f22000 r--s 00012000 08:02 300083                     /root/.m2/repository/com/ning/compress-lzf/1.0.3/compress-lzf-1.0.3.jar
7ff9c1f22000-7ff9c1f23000 r--s 00002000 08:02 300029                     /root/.m2/repository/org/slf4j/slf4j-log4j12/1.7.16/slf4j-log4j12-1.7.16.jar
7ff9c1f23000-7ff9c1f2c000 r--s 0006f000 08:02 300081                     /root/.m2/repository/log4j/log4j/1.2.17/log4j-1.2.17.jar
7ff9c1f2c000-7ff9c1f2e000 r--s 00003000 08:02 294479                     /root/.m2/repository/org/slf4j/jcl-over-slf4j/1.7.16/jcl-over-slf4j-1.7.16.jar
7ff9c1f2e000-7ff9c1f30000 r--s 00000000 08:02 300079                     /root/.m2/repository/org/slf4j/jul-to-slf4j/1.7.16/jul-to-slf4j-1.7.16.jar
7ff9c1f30000-7ff9c1f31000 r--s 00009000 08:02 300086                     /root/.m2/repository/org/slf4j/slf4j-api/1.7.16/slf4j-api-1.7.16.jar
7ff9c1f31000-7ff9c1f34000 r--s 00006000 08:02 300077                     /root/.m2/repository/com/google/code/findbugs/jsr305/1.3.9/jsr305-1.3.9.jar
7ff9c1f34000-7ff9c1f58000 r--s 001cd000 08:02 300076                     /root/.m2/repository/org/apache/commons/commons-math3/3.4.1/commons-math3-3.4.1.jar
7ff9c1f58000-7ff9c1f60000 r--s 0006e000 08:02 300073                     /root/.m2/repository/org/apache/commons/commons-lang3/3.5/commons-lang3-3.5.jar
7ff9c1f60000-7ff9c1f63000 r--s 00015000 08:02 299969                     /root/.m2/repository/javax/servlet/javax.servlet-api/3.1.0/javax.servlet-api-3.1.0.jar
7ff9c1f63000-7ff9c1f6f000 r--s 000b6000 08:02 299971                     /root/.m2/repository/org/apache/zookeeper/zookeeper/3.4.6/zookeeper-3.4.6.jar
7ff9c1f6f000-7ff9c1f75000 r--s 00028000 08:02 300067                     /root/.m2/repository/org/apache/curator/curator-framework/2.6.0/curator-framework-2.6.0.jar
7ff9c1f75000-7ff9c1f7c000 r--s 00036000 08:02 300065                     /root/.m2/repository/org/apache/curator/curator-recipes/2.6.0/curator-recipes-2.6.0.jar
7ff9c1f7c000-7ff9c1f7e000 r--s 00003000 08:02 300063                     /root/.m2/repository/net/iharder/base64/2.3.8/base64-2.3.8.jar
7ff9c1f7e000-7ff9c1f80000 r--s 00003000 08:02 300736                     /root/.m2/repository/com/jamesmurty/utils/java-xmlbuilder/1.1/java-xmlbuilder-1.1.jar
7ff9c1f80000-7ff9c1fc0000 r--s 00285000 08:02 300734                     /root/.m2/repository/org/bouncycastle/bcprov-jdk15on/1.52/bcprov-jdk15on-1.52.jar
7ff9c1fc0000-7ff9c1fc2000 r--s 0000f000 08:02 300053                     /root/.m2/repository/javax/activation/activation/1.1.1/activation-1.1.1.jar
7ff9c1fc2000-7ff9c1fcf000 r--s 000a5000 08:02 300733                     /root/.m2/repository/org/apache/httpcomponents/httpclient/4.5/httpclient-4.5.jar
7ff9c1fcf000-7ff9c1fd6000 r--s 00048000 08:02 303683                     /root/.m2/repository/org/apache/httpcomponents/httpcore/4.4.1/httpcore-4.4.1.jar
7ff9c1fd6000-7ff9c1ff1000 r--s 001d9000 08:02 300731                     /root/.m2/repository/net/java/dev/jets3t/jets3t/0.9.4/jets3t-0.9.4.jar
7ff9c1ff1000-7ff9c1ff3000 r--s 0000a000 08:02 300728                     /root/.m2/repository/org/apache/spark/spark-unsafe_2.11/2.3.0/spark-unsafe_2.11-2.3.0.jar
7ff9c1ff3000-7ff9c1ff5000 r--s 0000e000 08:02 300727                     /root/.m2/repository/org/apache/spark/spark-network-shuffle_2.11/2.3.0/spark-network-shuffle_2.11-2.3.0.jar
7ff9c1ff5000-7ff9c2023000 r--s 00218000 08:02 300447                     /root/.m2/repository/org/apache/spark/spark-network-common_2.11/2.3.0/spark-network-common_2.11-2.3.0.jar
7ff9c2023000-7ff9c2026000 r--s 00009000 08:02 300445                     /root/.m2/repository/com/fasterxml/jackson/core/jackson-annotations/2.6.7/jackson-annotations-2.6.7.jar
7ff9c2026000-7ff9c202a000 r--s 0003c000 08:02 300437                     /root/.m2/repository/com/fasterxml/jackson/core/jackson-core/2.6.7/jackson-core-2.6.7.jar
7ff9c202a000-7ff9c202d000 r--s 000fd000 08:02 300031                     /root/.m2/repository/org/fusesource/leveldbjni/leveldbjni-all/1.8/leveldbjni-all-1.8.jar
7ff9c202d000-7ff9c202f000 r--s 0000b000 08:02 300439                     /root/.m2/repository/org/apache/spark/spark-kvstore_2.11/2.3.0/spark-kvstore_2.11-2.3.0.jar
7ff9c202f000-7ff9c2031000 r--s 00011000 08:02 300725                     /root/.m2/repository/org/apache/spark/spark-launcher_2.11/2.3.0/spark-launcher_2.11-2.3.0.jar
7ff9c2031000-7ff9c2032000 r--s 00009000 08:02 300012                     /root/.m2/repository/org/apache/hadoop/hadoop-annotations/2.6.5/hadoop-annotations-2.6.5.jar
7ff9c2032000-7ff9c2033000 r--s 0000e000 08:02 299923                     /root/.m2/repository/org/apache/hadoop/hadoop-mapreduce-client-jobclient/2.6.5/hadoop-mapreduce-client-jobclient-2.6.5.jar
7ff9c2033000-7ff9c2034000 r--s 00006000 08:02 299975                     /root/.m2/repository/org/codehaus/jackson/jackson-xc/1.9.13/jackson-xc-1.9.13.jar
7ff9c2034000-7ff9c2035000 r--s 00004000 08:02 299924                     /root/.m2/repository/org/codehaus/jackson/jackson-jaxrs/1.9.13/jackson-jaxrs-1.9.13.jar
7ff9c2035000-7ff9c2037000 r--s 00004000 08:02 299963                     /root/.m2/repository/javax/xml/stream/stax-api/1.0-2/stax-api-1.0-2.jar
7ff9c2037000-7ff9c203a000 r--s 00017000 08:02 294529                     /root/.m2/repository/javax/xml/bind/jaxb-api/2.2.2/jaxb-api-2.2.2.jar
7ff9c203a000-7ff9c2051000 r--s 00177000 08:02 300011                     /root/.m2/repository/org/apache/hadoop/hadoop-yarn-common/2.6.5/hadoop-yarn-common-2.6.5.jar
7ff9c2051000-7ff9c206a000 r--s 0015f000 08:02 299936                     /root/.m2/repository/org/apache/hadoop/hadoop-mapreduce-client-core/2.6.5/hadoop-mapreduce-client-core-2.6.5.jar
7ff9c206a000-7ff9c2084000 r--s 001b5000 08:02 299944                     /root/.m2/repository/org/apache/hadoop/hadoop-yarn-api/2.6.5/hadoop-yarn-api-2.6.5.jar
7ff9c2084000-7ff9c2086000 r--s 0000f000 08:02 299999                     /root/.m2/repository/org/apache/hadoop/hadoop-mapreduce-client-shuffle/2.6.5/hadoop-mapreduce-client-shuffle-2.6.5.jar
7ff9c2086000-7ff9c208c000 r--s 00049000 08:02 299921                     /root/.m2/repository/org/apache/hadoop/hadoop-yarn-server-common/2.6.5/hadoop-yarn-server-common-2.6.5.jar
7ff9c208c000-7ff9c208f000 r--s 00023000 08:02 299992                     /root/.m2/repository/org/apache/hadoop/hadoop-yarn-client/2.6.5/hadoop-yarn-client-2.6.5.jar
7ff9c208f000-7ff9c209b000 r--s 0009d000 08:02 300004                     /root/.m2/repository/org/apache/hadoop/hadoop-mapreduce-client-common/2.6.5/hadoop-mapreduce-client-common-2.6.5.jar
7ff9c209b000-7ff9c20a5000 r--s 00078000 08:02 299948                     /root/.m2/repository/org/apache/hadoop/hadoop-mapreduce-client-app/2.6.5/hadoop-mapreduce-client-app-2.6.5.jar
7ff9c20a5000-7ff9c20ad000 r--s 00028000 08:02 290070                     /root/.m2/repository/xml-apis/xml-apis/1.3.04/xml-apis-1.3.04.jar
7ff9c20ad000-7ff9c20c5000 r--s 00115000 08:02 290059                     /root/.m2/repository/xerces/xercesImpl/2.9.1/xercesImpl-2.9.1.jar
7ff9c20c5000-7ff9c212c000 r--s 0072d000 08:02 294486                     /root/.m2/repository/org/apache/hadoop/hadoop-hdfs/2.6.5/hadoop-hdfs-2.6.5.jar
7ff9c212c000-7ff9c212e000 r--s 00006000 08:02 299916                     /root/.m2/repository/org/htrace/htrace-core/3.0.4/htrace-core-3.0.4.jar
7ff9c212e000-7ff9c2130000 r--s 0000f000 08:02 299962                     /root/.m2/repository/org/apache/curator/curator-client/2.6.0/curator-client-2.6.0.jar
7ff9c2130000-7ff9c2132000 r--s 00012000 08:02 299957                     /root/.m2/repository/org/apache/directory/api/api-util/1.0.0-M20/api-util-1.0.0-M20.jar
7ff9c2132000-7ff9c2134000 r--s 00003000 08:02 299960                     /root/.m2/repository/org/apache/directory/api/api-asn1-api/1.0.0-M20/api-asn1-api-1.0.0-M20.jar
7ff9c2134000-7ff9c2135000 r--s 0000a000 08:02 299929                     /root/.m2/repository/org/apache/directory/server/apacheds-i18n/2.0.0-M15/apacheds-i18n-2.0.0-M15.jar
7ff9c2135000-7ff9c2147000 r--s 00097000 08:02 299955                     /root/.m2/repository/org/apache/directory/server/apacheds-kerberos-codec/2.0.0-M15/apacheds-kerberos-codec-2.0.0-M15.jar
7ff9c2147000-7ff9c214a000 r--s 00014000 08:02 299949                     /root/.m2/repository/org/apache/hadoop/hadoop-auth/2.6.5/hadoop-auth-2.6.5.jar
7ff9c214a000-7ff9c214e000 r--s 0002f000 08:02 299937                     /root/.m2/repository/commons-beanutils/commons-beanutils-core/1.8.0/commons-beanutils-core-1.8.0.jar
7ff9c214e000-7ff9c2152000 r--s 00020000 08:02 290158                     /root/.m2/repository/commons-digester/commons-digester/1.8/commons-digester-1.8.jar
7ff9c2152000-7ff9c2158000 r--s 00043000 08:02 299933                     /root/.m2/repository/commons-configuration/commons-configuration/1.6/commons-configuration-1.6.jar
7ff9c2158000-7ff9c215e000 r--s 00045000 08:02 299917                     /root/.m2/repository/commons-httpclient/commons-httpclient/3.1/commons-httpclient-3.1.jar
7ff9c215e000-7ff9c215f000 r--s 00003000 08:02 294472                     /root/.m2/repository/xmlenc/xmlenc/0.52/xmlenc-0.52.jar
7ff9c215f000-7ff9c2195000 r--s 002fe000 08:02 296259                     /root/.m2/repository/org/apache/hadoop/hadoop-common/2.6.5/hadoop-common-2.6.5.jar
7ff9c2195000-7ff9c2196000 r--s 00006000 08:02 294694                     /root/.m2/repository/org/apache/hadoop/hadoop-client/2.6.5/hadoop-client-2.6.5.jar
7ff9c2196000-7ff9c2199000 r--s 00021000 08:02 300217                     /root/.m2/repository/org/apache/xbean/xbean-asm5-shaded/4.4/xbean-asm5-shaded-4.4.jar
7ff9c2199000-7ff9c219b000 r--s 0000d000 08:02 300433                     /root/.m2/repository/com/twitter/chill-java/0.8.4/chill-java-0.8.4.jar
7ff9c219b000-7ff9c219d000 r--s 00009000 08:02 294538                     /root/.m2/repository/org/objenesis/objenesis/2.1/objenesis-2.1.jar
7ff9c219d000-7ff9c219e000 r--s 00001000 08:02 294530                     /root/.m2/repository/com/esotericsoftware/minlog/1.3.0/minlog-1.3.0.jar
7ff9c219e000-7ff9c21a5000 r--s 00051000 08:02 294526                     /root/.m2/repository/com/esotericsoftware/kryo-shaded/3.0.3/kryo-shaded-3.0.3.jar
7ff9c21a5000-7ff9c21a9000 r--s 00033000 08:02 300724                     /root/.m2/repository/com/twitter/chill_2.11/0.8.4/chill_2.11-0.8.4.jar
7ff9c21a9000-7ff9c21b0000 r--s 0004e000 08:02 294470                     /root/.m2/repository/org/apache/avro/avro-ipc/1.7.7/avro-ipc-1.7.7-tests.jar
7ff9c21b0000-7ff9c21b5000 r--s 00028000 08:02 294485                     /root/.m2/repository/org/apache/avro/avro-mapred/1.7.7/avro-mapred-1.7.7-hadoop2.jar
7ff9c21b5000-7ff9c21b9000 r--s 00014000 08:02 294481                     /root/.m2/repository/org/tukaani/xz/1.0/xz-1.0.jar
7ff9c21b9000-7ff9c21c7000 r--s 000b1000 08:02 294489                     /root/.m2/repository/org/codehaus/jackson/jackson-mapper-asl/1.9.13/jackson-mapper-asl-1.9.13.jar
7ff9c21c7000-7ff9c21cb000 r--s 00035000 08:02 299953                     /root/.m2/repository/org/codehaus/jackson/jackson-core-asl/1.9.13/jackson-core-asl-1.9.13.jar
7ff9c21cb000-7ff9c21d4000 r--s 00062000 08:02 294483                     /root/.m2/repository/org/apache/avro/avro/1.7.7/avro-1.7.7.jar
7ff9c21d4000-7ff9c22bf000 r--s 00b77000 08:02 300726                     /root/.m2/repository/org/apache/spark/spark-core_2.11/2.3.0/spark-core_2.11-2.3.0.jar
7ff9c22bf000-7ff9c230c000 r--s 0041c000 08:02 218431                     /usr/local/scala/scala-2.11.12/lib/scala-reflect.jar
7ff9c230c000-7ff9c2365000 r--s 00523000 08:02 218439                     /usr/local/scala/scala-2.11.12/lib/scala-library.jar
7ff9c2365000-7ff9c2370000 r--s 0005d000 08:02 218434                     /usr/local/scala/scala-2.11.12/lib/scala-parser-combinators_2.11-1.0.4.jar
7ff9c2370000-7ff9c237a000 r--s 0009a000 08:02 218441                     /usr/local/scala/scala-2.11.12/lib/scala-xml_2.11-1.0.5.jar
7ff9c237a000-7ff9c237d000 ---p 00000000 00:00 0 
7ff9c237d000-7ff9c247b000 rw-p 00000000 00:00 0 
7ff9c247b000-7ff9c247e000 ---p 00000000 00:00 0 
7ff9c247e000-7ff9c257c000 rw-p 00000000 00:00 0 
7ff9c257c000-7ff9c257f000 ---p 00000000 00:00 0 
7ff9c257f000-7ff9c267d000 rw-p 00000000 00:00 0 
7ff9c267d000-7ff9c267e000 ---p 00000000 00:00 0 
7ff9c267e000-7ff9c4000000 rw-p 00000000 00:00 0 
7ff9c4000000-7ff9c4021000 rw-p 00000000 00:00 0 
7ff9c4021000-7ff9c8000000 ---p 00000000 00:00 0 
7ff9c8000000-7ff9c8005000 r--s 00036000 08:02 300001                     /root/.m2/repository/org/apache/commons/commons-compress/1.4.1/commons-compress-1.4.1.jar
7ff9c8005000-7ff9c8007000 r--s 00006000 08:02 294475                     /root/.m2/repository/com/thoughtworks/paranamer/paranamer/2.3/paranamer-2.3.jar
7ff9c8007000-7ff9c800f000 r--s 0006c000 08:02 218443                     /usr/local/scala/scala-2.11.12/lib/scala-actors-2.11.0.jar
7ff9c800f000-7ff9c801a000 r--s 000a7000 08:02 218435                     /usr/local/scala/scala-2.11.12/lib/scala-swing_2.11-1.0.2.jar
7ff9c801a000-7ff9c802d000 r--s 00345000 08:02 293304                     /usr/local/java/jdk1.8.0_111/jre/lib/resources.jar
7ff9c802d000-7ff9c803f000 r--s 000d6000 08:02 293303                     /usr/local/java/jdk1.8.0_111/jre/lib/plugin.jar
7ff9c803f000-7ff9c8040000 r--s 00000000 08:02 292343                     /usr/local/java/jdk1.8.0_111/jre/lib/management-agent.jar
7ff9c8040000-7ff9c8044000 r--s 00097000 08:02 292249                     /usr/local/java/jdk1.8.0_111/jre/lib/jsse.jar
7ff9c8044000-7ff9c8049000 r--s 00084000 08:02 292369                     /usr/local/java/jdk1.8.0_111/jre/lib/jfr.jar
7ff9c8049000-7ff9c804c000 r--s 0001a000 08:02 293332                     /usr/local/java/jdk1.8.0_111/jre/lib/jce.jar
7ff9c804c000-7ff9c8056000 r--s 0006c000 08:02 292376                     /usr/local/java/jdk1.8.0_111/jre/lib/javaws.jar
7ff9c8056000-7ff9c8db2000 rw-p 00000000 00:00 0 
7ff9c8db2000-7ff9c8f8a000 r--s 03d2a000 08:02 292268                     /usr/local/java/jdk1.8.0_111/jre/lib/rt.jar
7ff9c8f8a000-7ff9c9000000 rw-p 00000000 00:00 0 
7ff9c9000000-7ff9c9a60000 rwxp 00000000 00:00 0 
7ff9c9a60000-7ff9d8000000 ---p 00000000 00:00 0 
7ff9d8000000-7ff9da36c000 rw-p 00000000 00:00 0 
7ff9da36c000-7ff9dc000000 ---p 00000000 00:00 0 
7ff9dc000000-7ff9dc01b000 r--s 00208000 08:02 292377                     /usr/local/java/jdk1.8.0_111/jre/lib/deploy.jar
7ff9dc01b000-7ff9dc9de000 rw-p 00000000 00:00 0 
7ff9dc9de000-7ff9dc9df000 ---p 00000000 00:00 0 
7ff9dc9df000-7ff9dcadf000 rw-p 00000000 00:00 0 
7ff9dcadf000-7ff9dcae0000 ---p 00000000 00:00 0 
7ff9dcae0000-7ff9dcbe0000 rw-p 00000000 00:00 0 
7ff9dcbe0000-7ff9dcbe1000 ---p 00000000 00:00 0 
7ff9dcbe1000-7ff9dcce1000 rw-p 00000000 00:00 0 
7ff9dcce1000-7ff9dcce2000 ---p 00000000 00:00 0 
7ff9dcce2000-7ff9dcdf7000 rw-p 00000000 00:00 0 
7ff9dcdf7000-7ff9dced2000 ---p 00000000 00:00 0 
7ff9dced2000-7ff9dcee7000 rw-p 00000000 00:00 0 
7ff9dcee7000-7ff9dcfc2000 ---p 00000000 00:00 0 
7ff9dcfc2000-7ff9dd014000 rw-p 00000000 00:00 0 
7ff9dd014000-7ff9dd03a000 ---p 00000000 00:00 0 
7ff9dd03a000-7ff9dd065000 rw-p 00000000 00:00 0 
7ff9dd065000-7ff9dd3fb000 ---p 00000000 00:00 0 
7ff9dd3fb000-7ff9dd415000 r-xp 00000000 08:02 292298                     /usr/local/java/jdk1.8.0_111/jre/lib/amd64/libzip.so
7ff9dd415000-7ff9dd615000 ---p 0001a000 08:02 292298                     /usr/local/java/jdk1.8.0_111/jre/lib/amd64/libzip.so
7ff9dd615000-7ff9dd616000 rw-p 0001a000 08:02 292298                     /usr/local/java/jdk1.8.0_111/jre/lib/amd64/libzip.so
7ff9dd616000-7ff9dd623000 r-xp 00000000 08:02 262857                     /lib64/libnss_files-2.12.so
7ff9dd623000-7ff9dd822000 ---p 0000d000 08:02 262857                     /lib64/libnss_files-2.12.so
7ff9dd822000-7ff9dd823000 r--p 0000c000 08:02 262857                     /lib64/libnss_files-2.12.so
7ff9dd823000-7ff9dd824000 rw-p 0000d000 08:02 262857                     /lib64/libnss_files-2.12.so
7ff9dd824000-7ff9dd826000 r--s 0000d000 08:02 218437                     /usr/local/scala/scala-2.11.12/lib/scala-actors-migration_2.11-1.1.0.jar
7ff9dd826000-7ff9dd835000 rw-p 00000000 00:00 0 
7ff9dd835000-7ff9dd83f000 r-xp 00000000 08:02 292334                     /usr/local/java/jdk1.8.0_111/jre/lib/amd64/libinstrument.so
7ff9dd83f000-7ff9dda3e000 ---p 0000a000 08:02 292334                     /usr/local/java/jdk1.8.0_111/jre/lib/amd64/libinstrument.so
7ff9dda3e000-7ff9dda3f000 rw-p 00009000 08:02 292334                     /usr/local/java/jdk1.8.0_111/jre/lib/amd64/libinstrument.so
7ff9dda3f000-7ff9dda6a000 r-xp 00000000 08:02 292324                     /usr/local/java/jdk1.8.0_111/jre/lib/amd64/libjava.so
7ff9dda6a000-7ff9ddc69000 ---p 0002b000 08:02 292324                     /usr/local/java/jdk1.8.0_111/jre/lib/amd64/libjava.so
7ff9ddc69000-7ff9ddc6b000 rw-p 0002a000 08:02 292324                     /usr/local/java/jdk1.8.0_111/jre/lib/amd64/libjava.so
7ff9ddc6b000-7ff9ddc78000 r-xp 00000000 08:02 292276                     /usr/local/java/jdk1.8.0_111/jre/lib/amd64/libverify.so
7ff9ddc78000-7ff9dde77000 ---p 0000d000 08:02 292276                     /usr/local/java/jdk1.8.0_111/jre/lib/amd64/libverify.so
7ff9dde77000-7ff9dde79000 rw-p 0000c000 08:02 292276                     /usr/local/java/jdk1.8.0_111/jre/lib/amd64/libverify.so
7ff9dde79000-7ff9dde7c000 ---p 00000000 00:00 0 
7ff9dde7c000-7ff9ddf7a000 rw-p 00000000 00:00 0 
7ff9ddf7a000-7ff9dec47000 r-xp 00000000 08:02 292327                     /usr/local/java/jdk1.8.0_111/jre/lib/amd64/server/libjvm.so
7ff9dec47000-7ff9dee46000 ---p 00ccd000 08:02 292327                     /usr/local/java/jdk1.8.0_111/jre/lib/amd64/server/libjvm.so
7ff9dee46000-7ff9def1f000 rw-p 00ccc000 08:02 292327                     /usr/local/java/jdk1.8.0_111/jre/lib/amd64/server/libjvm.so
7ff9def1f000-7ff9def6d000 rw-p 00000000 00:00 0 
7ff9def6d000-7ff9def82000 r-xp 00000000 08:02 291518                     /usr/local/java/jdk1.8.0_111/lib/amd64/jli/libjli.so
7ff9def82000-7ff9df182000 ---p 00015000 08:02 291518                     /usr/local/java/jdk1.8.0_111/lib/amd64/jli/libjli.so
7ff9df182000-7ff9df183000 rw-p 00015000 08:02 291518                     /usr/local/java/jdk1.8.0_111/lib/amd64/jli/libjli.so
7ff9df183000-7ff9df184000 rw-p 00000000 00:00 0 
7ff9df184000-7ff9df186000 r--s 00007000 08:02 292338                     /usr/local/java/jdk1.8.0_111/jre/lib/jfxswt.jar
7ff9df186000-7ff9df18b000 r--s 002f9000 08:02 292250                     /usr/local/java/jdk1.8.0_111/jre/lib/charsets.jar
7ff9df18b000-7ff9df193000 rw-s 00000000 08:02 293106                     /tmp/hsperfdata_root/6710
7ff9df193000-7ff9df194000 rw-p 00000000 00:00 0 
7ff9df194000-7ff9df195000 ---p 00000000 00:00 0 
7ff9df195000-7ff9df196000 rw-p 00000000 00:00 0 
7ffe3d820000-7ffe3d93a000 rw-p 00000000 00:00 0                          [stack]
7ffe3d9cc000-7ffe3d9cd000 r-xp 00000000 00:00 0                          [vdso]
ffffffffff600000-ffffffffff601000 r-xp 00000000 00:00 0                  [vsyscall]

VM Arguments:
jvm_args: -javaagent:/mnt/disk/apps/idea-IU-173.4127.27/lib/idea_rt.jar=39817:/mnt/disk/apps/idea-IU-173.4127.27/bin -Dfile.encoding=UTF-8 
java_command: mykafka.KafkaSparkDemo1
java_class_path (initial): /usr/local/java/jdk1.8.0_111/jre/lib/charsets.jar:/usr/local/java/jdk1.8.0_111/jre/lib/deploy.jar:/usr/local/java/jdk1.8.0_111/jre/lib/ext/cldrdata.jar:/usr/local/java/jdk1.8.0_111/jre/lib/ext/dnsns.jar:/usr/local/java/jdk1.8.0_111/jre/lib/ext/jaccess.jar:/usr/local/java/jdk1.8.0_111/jre/lib/ext/jfxrt.jar:/usr/local/java/jdk1.8.0_111/jre/lib/ext/localedata.jar:/usr/local/java/jdk1.8.0_111/jre/lib/ext/nashorn.jar:/usr/local/java/jdk1.8.0_111/jre/lib/ext/sunec.jar:/usr/local/java/jdk1.8.0_111/jre/lib/ext/sunjce_provider.jar:/usr/local/java/jdk1.8.0_111/jre/lib/ext/sunpkcs11.jar:/usr/local/java/jdk1.8.0_111/jre/lib/ext/zipfs.jar:/usr/local/java/jdk1.8.0_111/jre/lib/javaws.jar:/usr/local/java/jdk1.8.0_111/jre/lib/jce.jar:/usr/local/java/jdk1.8.0_111/jre/lib/jfr.jar:/usr/local/java/jdk1.8.0_111/jre/lib/jfxswt.jar:/usr/local/java/jdk1.8.0_111/jre/lib/jsse.jar:/usr/local/java/jdk1.8.0_111/jre/lib/management-agent.jar:/usr/local/java/jdk1.8.0_111/jre/lib/plugin.jar:/usr/local/java/jdk1.8.0_111/jre/lib/resources.jar:/usr/local/java/jdk1.8.0_111/jre/lib/rt.jar:/mnt/disk/IdeaProjects/projects/spark/target/classes:/usr/local/scala/scala-2.11.12/lib/scala-swing_2.11-1.0.2.jar:/usr/local/scala/scala-2.11.12/lib/scala-actors-2.11.0.jar:/usr/local/scala/scala-2.11.12/lib/scala-xml_2.11-1.0.5.jar:/usr/local/scala/scala-2.11.12/lib/scala-actors-migration_2.11-1.1.0.jar:/usr/local/scala/scala-2.11.12/lib/scala-parser-combinators_2.11-1.0.4.jar:/usr/local/scala/scala-2.11.12/lib/scala-library.jar:/usr/local/scala/scala-2.11.12/lib/scala-reflect.jar:/root/.m2/repository/org/apache/spark/spark-core_2.11/2.3.0/spark-core_2.11-2.3.0.jar:/root/.m2/repository/org/apache/avro/avro/1.7.7/avro-1.7.7.jar:/root/.m2/repository/org/codehaus/jackson/jackson-core-asl/1.9.13/jackson-core-asl-1.9.13.jar:/root/.m2/repository/org/codehaus/jackson/jackson-mapper-asl/1.9.13/jackson-mapper-asl-1.9.13.jar:/root/.m2/repository/com/thoughtworks/paranamer/paranamer/2.3/paranamer-2.3
Launcher Type: SUN_STANDARD

Environment Variables:
JAVA_HOME=/usr/local/java/jdk1.8.0_111
PATH=/usr/local/sbin:/usr/sbin:/sbin:/usr/local/bin:/usr/bin:/bin:/usr/local/java/jdk1.8.0_111/bin:/usr/local/cloud/hadoop-2.2.0/bin:/usr/maven/apache-maven-3.3.9/bin:/d1/apps/git/bin:/mnt/disk/apps/scala-2.11.8/bin:.:/root/bin
USERNAME=root
SHELL=/bin/bash
DISPLAY=:0.0

Signal Handlers:
SIGSEGV: [libjvm.so+0xac64b0], sa_mask[0]=11111111011111111101111111111110, sa_flags=SA_RESTART|SA_SIGINFO
SIGBUS: [libjvm.so+0xac64b0], sa_mask[0]=11111111011111111101111111111110, sa_flags=SA_RESTART|SA_SIGINFO
SIGFPE: [libjvm.so+0x91f950], sa_mask[0]=11111111011111111101111111111110, sa_flags=SA_RESTART|SA_SIGINFO
SIGPIPE: [libjvm.so+0x91f950], sa_mask[0]=11111111011111111101111111111110, sa_flags=SA_RESTART|SA_SIGINFO
SIGXFSZ: [libjvm.so+0x91f950], sa_mask[0]=11111111011111111101111111111110, sa_flags=SA_RESTART|SA_SIGINFO
SIGILL: [libjvm.so+0x91f950], sa_mask[0]=11111111011111111101111111111110, sa_flags=SA_RESTART|SA_SIGINFO
SIGUSR1: SIG_DFL, sa_mask[0]=00000000000000000000000000000000, sa_flags=none
SIGUSR2: [libjvm.so+0x920f80], sa_mask[0]=00100000000000000000000000000000, sa_flags=SA_RESTART|SA_SIGINFO
SIGHUP: [libjvm.so+0x922380], sa_mask[0]=11111111011111111101111111111110, sa_flags=SA_RESTART|SA_SIGINFO
SIGINT: [libjvm.so+0x922380], sa_mask[0]=11111111011111111101111111111110, sa_flags=SA_RESTART|SA_SIGINFO
SIGTERM: [libjvm.so+0x922380], sa_mask[0]=11111111011111111101111111111110, sa_flags=SA_RESTART|SA_SIGINFO
SIGQUIT: [libjvm.so+0x922380], sa_mask[0]=11111111011111111101111111111110, sa_flags=SA_RESTART|SA_SIGINFO


---------------  S Y S T E M  ---------------

OS:CentOS release 6.9 (Final)

uname:Linux 2.6.32-696.3.2.el6.x86_64 #1 SMP Tue Jun 20 01:26:55 UTC 2017 x86_64
libc:glibc 2.12 NPTL 2.12 
rlimit: STACK 10240k, CORE 0k, NPROC 11417, NOFILE 4096, AS infinity
load average:1.50 0.59 0.32

/proc/meminfo:
MemTotal:        2948440 kB
MemFree:           57608 kB
Buffers:             212 kB
Cached:            12240 kB
SwapCached:        11916 kB
Active:          2121924 kB
Inactive:         572488 kB
Active(anon):    2120428 kB
Inactive(anon):   570840 kB
Active(file):       1496 kB
Inactive(file):     1648 kB
Unevictable:           0 kB
Mlocked:               0 kB
SwapTotal:       1048572 kB
SwapFree:              0 kB
Dirty:                 0 kB
Writeback:             0 kB
AnonPages:       2670432 kB
Mapped:             9572 kB
Shmem:              8832 kB
Slab:              91148 kB
SReclaimable:      18916 kB
SUnreclaim:        72232 kB
KernelStack:        8032 kB
PageTables:        36144 kB
NFS_Unstable:          0 kB
Bounce:                0 kB
WritebackTmp:          0 kB
CommitLimit:     2522792 kB
Committed_AS:    4365196 kB
VmallocTotal:   34359738367 kB
VmallocUsed:      180048 kB
VmallocChunk:   34359505268 kB
HardwareCorrupted:     0 kB
AnonHugePages:   1687552 kB
HugePages_Total:       0
HugePages_Free:        0
HugePages_Rsvd:        0
HugePages_Surp:        0
Hugepagesize:       2048 kB
DirectMap4k:        8192 kB
DirectMap2M:     1040384 kB
DirectMap1G:     2097152 kB


CPU:total 4 (1 cores per cpu, 1 threads per core) family 6 model 60 stepping 3, cmov, cx8, fxsr, mmx, sse, sse2, sse3, ssse3, sse4.1, sse4.2, popcnt, avx, aes, clmul, erms, tsc, tscinvbit

/proc/cpuinfo:
processor	: 0
vendor_id	: GenuineIntel
cpu family	: 6
model		: 60
model name	: Intel(R) Core(TM) i5-4590 CPU @ 3.30GHz
stepping	: 3
microcode	: 29
cpu MHz		: 3292.450
cache size	: 6144 KB
physical id	: 0
siblings	: 1
core id		: 0
cpu cores	: 1
apicid		: 0
initial apicid	: 0
fpu		: yes
fpu_exception	: yes
cpuid level	: 13
wp		: yes
flags		: fpu vme de pse tsc msr pae mce cx8 apic sep mtrr pge mca cmov pat pse36 clflush dts mmx fxsr sse sse2 ss syscall nx pdpe1gb rdtscp lm constant_tsc arch_perfmon pebs bts xtopology tsc_reliable nonstop_tsc aperfmperf unfair_spinlock pni pclmulqdq ssse3 fma cx16 pcid sse4_1 sse4_2 x2apic movbe popcnt aes xsave avx f16c rdrand hypervisor lahf_lm ida arat epb xsaveopt pln pts dtherm fsgsbase smep
bogomips	: 6584.90
clflush size	: 64
cache_alignment	: 64
address sizes	: 40 bits physical, 48 bits virtual
power management:

processor	: 1
vendor_id	: GenuineIntel
cpu family	: 6
model		: 60
model name	: Intel(R) Core(TM) i5-4590 CPU @ 3.30GHz
stepping	: 3
microcode	: 29
cpu MHz		: 3292.450
cache size	: 6144 KB
physical id	: 2
siblings	: 1
core id		: 0
cpu cores	: 1
apicid		: 2
initial apicid	: 2
fpu		: yes
fpu_exception	: yes
cpuid level	: 13
wp		: yes
flags		: fpu vme de pse tsc msr pae mce cx8 apic sep mtrr pge mca cmov pat pse36 clflush dts mmx fxsr sse sse2 ss syscall nx pdpe1gb rdtscp lm constant_tsc arch_perfmon pebs bts xtopology tsc_reliable nonstop_tsc aperfmperf unfair_spinlock pni pclmulqdq ssse3 fma cx16 pcid sse4_1 sse4_2 x2apic movbe popcnt aes xsave avx f16c rdrand hypervisor lahf_lm ida arat epb xsaveopt pln pts dtherm fsgsbase smep
bogomips	: 6584.90
clflush size	: 64
cache_alignment	: 64
address sizes	: 40 bits physical, 48 bits virtual
power management:

processor	: 2
vendor_id	: GenuineIntel
cpu family	: 6
model		: 60
model name	: Intel(R) Core(TM) i5-4590 CPU @ 3.30GHz
stepping	: 3
microcode	: 29
cpu MHz		: 3292.450
cache size	: 6144 KB
physical id	: 4
siblings	: 1
core id		: 0
cpu cores	: 1
apicid		: 4
initial apicid	: 4
fpu		: yes
fpu_exception	: yes
cpuid level	: 13
wp		: yes
flags		: fpu vme de pse tsc msr pae mce cx8 apic sep mtrr pge mca cmov pat pse36 clflush dts mmx fxsr sse sse2 ss syscall nx pdpe1gb rdtscp lm constant_tsc arch_perfmon pebs bts xtopology tsc_reliable nonstop_tsc aperfmperf unfair_spinlock pni pclmulqdq ssse3 fma cx16 pcid sse4_1 sse4_2 x2apic movbe popcnt aes xsave avx f16c rdrand hypervisor lahf_lm ida arat epb xsaveopt pln pts dtherm fsgsbase smep
bogomips	: 6584.90
clflush size	: 64
cache_alignment	: 64
address sizes	: 40 bits physical, 48 bits virtual
power management:

processor	: 3
vendor_id	: GenuineIntel
cpu family	: 6
model		: 60
model name	: Intel(R) Core(TM) i5-4590 CPU @ 3.30GHz
stepping	: 3
microcode	: 29
cpu MHz		: 3292.450
cache size	: 6144 KB
physical id	: 6
siblings	: 1
core id		: 0
cpu cores	: 1
apicid		: 6
initial apicid	: 6
fpu		: yes
fpu_exception	: yes
cpuid level	: 13
wp		: yes
flags		: fpu vme de pse tsc msr pae mce cx8 apic sep mtrr pge mca cmov pat pse36 clflush dts mmx fxsr sse sse2 ss syscall nx pdpe1gb rdtscp lm constant_tsc arch_perfmon pebs bts xtopology tsc_reliable nonstop_tsc aperfmperf unfair_spinlock pni pclmulqdq ssse3 fma cx16 pcid sse4_1 sse4_2 x2apic movbe popcnt aes xsave avx f16c rdrand hypervisor lahf_lm ida arat epb xsaveopt pln pts dtherm fsgsbase smep
bogomips	: 6584.90
clflush size	: 64
cache_alignment	: 64
address sizes	: 40 bits physical, 48 bits virtual
power management:



Memory: 4k page, physical 2948440k(58340k free), swap 1048572k(0k free)

vm_info: Java HotSpot(TM) 64-Bit Server VM (25.111-b14) for linux-amd64 JRE (1.8.0_111-b14), built on Sep 22 2016 16:14:03 by "java_re" with gcc 4.3.0 20080428 (Red Hat 4.3.0-8)

time: Mon Jul  9 15:55:47 2018
elapsed time: 8 seconds (0d 0h 0m 8s)

